{"@timestamp":"2026-01-19T20:50:51.273+01:00","@version":"1","message":"APPOINTMENTS COUNT user=vet@test.com count=0","logger_name":"business","thread_name":"Test worker","level":"INFO","level_value":20000}
{"@timestamp":"2026-01-19T20:50:59.333+01:00","@version":"1","message":"APPOINTMENTS COUNT user=garage@test.com count=0","logger_name":"business","thread_name":"Test worker","level":"INFO","level_value":20000}
{"@timestamp":"2026-01-19T20:51:06.686+01:00","@version":"1","message":"APPOINTMENTS COUNT user=hairdresser@test.com count=0","logger_name":"business","thread_name":"Test worker","level":"INFO","level_value":20000}
{"@timestamp":"2026-01-19T20:51:08.416+01:00","@version":"1","message":"APPOINTMENTS COUNT user=beauty@test.com count=0","logger_name":"business","thread_name":"Test worker","level":"INFO","level_value":20000}
{"@timestamp":"2026-01-19T20:51:11.402+01:00","@version":"1","message":"APPOINTMENTS COUNT user=restaurant@test.com count=0","logger_name":"business","thread_name":"Test worker","level":"INFO","level_value":20000}
{"@timestamp":"2026-01-19T20:51:13.038+01:00","@version":"1","message":"APPOINTMENTS COUNT user=health@test.com count=0","logger_name":"business","thread_name":"Test worker","level":"INFO","level_value":20000}
{"@timestamp":"2026-01-19T20:51:18.294+01:00","@version":"1","message":"REGISTRATION ATTEMPT email=workflow.health@test.com company=Cabinet Médical Workflow sector=HEALTH_PROFESSIONAL phone=0987654321 siret=[NULL] ","logger_name":"business","thread_name":"Test worker","level":"INFO","level_value":20000}
{"@timestamp":"2026-01-19T20:51:18.376+01:00","@version":"1","message":"USER REGISTERED email=workflow.health@test.com id=10","logger_name":"business","thread_name":"Test worker","level":"INFO","level_value":20000}
{"@timestamp":"2026-01-19T20:51:18.377+01:00","@version":"1","message":"REGISTRATION COMPLETED email=workflow.health@test.com","logger_name":"business","thread_name":"Test worker","level":"INFO","level_value":20000}
{"@timestamp":"2026-01-19T20:51:20.670+01:00","@version":"1","message":"REGISTRATION ATTEMPT email=labeltest0@test.com company=Company 0 sector=RESTAURANT phone=null siret=[NULL] ","logger_name":"business","thread_name":"Test worker","level":"INFO","level_value":20000}
{"@timestamp":"2026-01-19T20:51:20.747+01:00","@version":"1","message":"USER REGISTERED email=labeltest0@test.com id=10","logger_name":"business","thread_name":"Test worker","level":"INFO","level_value":20000}
{"@timestamp":"2026-01-19T20:51:20.748+01:00","@version":"1","message":"REGISTRATION COMPLETED email=labeltest0@test.com","logger_name":"business","thread_name":"Test worker","level":"INFO","level_value":20000}
{"@timestamp":"2026-01-19T20:51:21.804+01:00","@version":"1","message":"REGISTRATION ATTEMPT email=workflow.restaurant@test.com company=Restaurant Workflow Test sector=RESTAURANT phone=0123456789 siret=[NULL] ","logger_name":"business","thread_name":"Test worker","level":"INFO","level_value":20000}
{"@timestamp":"2026-01-19T20:51:21.878+01:00","@version":"1","message":"USER REGISTERED email=workflow.restaurant@test.com id=10","logger_name":"business","thread_name":"Test worker","level":"INFO","level_value":20000}
{"@timestamp":"2026-01-19T20:51:21.879+01:00","@version":"1","message":"REGISTRATION COMPLETED email=workflow.restaurant@test.com","logger_name":"business","thread_name":"Test worker","level":"INFO","level_value":20000}
{"@timestamp":"2026-01-19T20:52:13.815+01:00","@version":"1","message":"APPOINTMENTS COUNT user=vet@test.com count=0","logger_name":"business","thread_name":"Test worker","level":"INFO","level_value":20000}
{"@timestamp":"2026-01-19T20:52:20.370+01:00","@version":"1","message":"APPOINTMENTS COUNT user=garage@test.com count=0","logger_name":"business","thread_name":"Test worker","level":"INFO","level_value":20000}
{"@timestamp":"2026-01-19T20:52:27.230+01:00","@version":"1","message":"APPOINTMENTS COUNT user=hairdresser@test.com count=0","logger_name":"business","thread_name":"Test worker","level":"INFO","level_value":20000}
{"@timestamp":"2026-01-19T20:52:28.549+01:00","@version":"1","message":"APPOINTMENTS COUNT user=beauty@test.com count=0","logger_name":"business","thread_name":"Test worker","level":"INFO","level_value":20000}
{"@timestamp":"2026-01-19T20:52:31.336+01:00","@version":"1","message":"APPOINTMENTS COUNT user=restaurant@test.com count=0","logger_name":"business","thread_name":"Test worker","level":"INFO","level_value":20000}
{"@timestamp":"2026-01-19T20:52:32.707+01:00","@version":"1","message":"APPOINTMENTS COUNT user=health@test.com count=0","logger_name":"business","thread_name":"Test worker","level":"INFO","level_value":20000}
{"@timestamp":"2026-01-19T20:52:37.093+01:00","@version":"1","message":"REGISTRATION ATTEMPT email=workflow.health@test.com company=Cabinet Médical Workflow sector=HEALTH_PROFESSIONAL phone=0987654321 siret=[NULL] ","logger_name":"business","thread_name":"Test worker","level":"INFO","level_value":20000}
{"@timestamp":"2026-01-19T20:52:37.164+01:00","@version":"1","message":"USER REGISTERED email=workflow.health@test.com id=10","logger_name":"business","thread_name":"Test worker","level":"INFO","level_value":20000}
{"@timestamp":"2026-01-19T20:52:37.166+01:00","@version":"1","message":"REGISTRATION COMPLETED email=workflow.health@test.com","logger_name":"business","thread_name":"Test worker","level":"INFO","level_value":20000}
{"@timestamp":"2026-01-19T20:52:39.297+01:00","@version":"1","message":"REGISTRATION ATTEMPT email=labeltest0@test.com company=Company 0 sector=RESTAURANT phone=null siret=[NULL] ","logger_name":"business","thread_name":"Test worker","level":"INFO","level_value":20000}
{"@timestamp":"2026-01-19T20:52:39.370+01:00","@version":"1","message":"USER REGISTERED email=labeltest0@test.com id=10","logger_name":"business","thread_name":"Test worker","level":"INFO","level_value":20000}
{"@timestamp":"2026-01-19T20:52:39.373+01:00","@version":"1","message":"REGISTRATION COMPLETED email=labeltest0@test.com","logger_name":"business","thread_name":"Test worker","level":"INFO","level_value":20000}
{"@timestamp":"2026-01-19T20:52:40.419+01:00","@version":"1","message":"REGISTRATION ATTEMPT email=workflow.restaurant@test.com company=Restaurant Workflow Test sector=RESTAURANT phone=0123456789 siret=[NULL] ","logger_name":"business","thread_name":"Test worker","level":"INFO","level_value":20000}
{"@timestamp":"2026-01-19T20:52:40.484+01:00","@version":"1","message":"USER REGISTERED email=workflow.restaurant@test.com id=10","logger_name":"business","thread_name":"Test worker","level":"INFO","level_value":20000}
{"@timestamp":"2026-01-19T20:52:40.485+01:00","@version":"1","message":"REGISTRATION COMPLETED email=workflow.restaurant@test.com","logger_name":"business","thread_name":"Test worker","level":"INFO","level_value":20000}
{"@timestamp":"2026-01-19T20:57:19.421+01:00","@version":"1","message":"APPOINTMENTS COUNT user=restaurant@test.com count=1","logger_name":"business","thread_name":"Test worker","level":"INFO","level_value":20000}
{"@timestamp":"2026-01-19T20:57:51.178+01:00","@version":"1","message":"APPOINTMENTS COUNT user=restaurant@test.com count=1","logger_name":"business","thread_name":"Test worker","level":"INFO","level_value":20000}
{"@timestamp":"2026-01-19T20:58:00.967+01:00","@version":"1","message":"APPOINTMENTS COUNT user=vet@test.com count=0","logger_name":"business","thread_name":"Test worker","level":"INFO","level_value":20000}
{"@timestamp":"2026-01-19T20:58:08.185+01:00","@version":"1","message":"APPOINTMENTS COUNT user=garage@test.com count=0","logger_name":"business","thread_name":"Test worker","level":"INFO","level_value":20000}
{"@timestamp":"2026-01-19T20:58:15.617+01:00","@version":"1","message":"APPOINTMENTS COUNT user=hairdresser@test.com count=0","logger_name":"business","thread_name":"Test worker","level":"INFO","level_value":20000}
{"@timestamp":"2026-01-19T20:58:17.068+01:00","@version":"1","message":"APPOINTMENTS COUNT user=beauty@test.com count=0","logger_name":"business","thread_name":"Test worker","level":"INFO","level_value":20000}
{"@timestamp":"2026-01-19T20:58:19.836+01:00","@version":"1","message":"APPOINTMENTS COUNT user=restaurant@test.com count=0","logger_name":"business","thread_name":"Test worker","level":"INFO","level_value":20000}
{"@timestamp":"2026-01-19T20:58:21.344+01:00","@version":"1","message":"APPOINTMENTS COUNT user=health@test.com count=0","logger_name":"business","thread_name":"Test worker","level":"INFO","level_value":20000}
{"@timestamp":"2026-01-19T20:58:26.026+01:00","@version":"1","message":"REGISTRATION ATTEMPT email=workflow.health@test.com company=Cabinet Médical Workflow sector=HEALTH_PROFESSIONAL phone=0987654321 siret=[NULL] ","logger_name":"business","thread_name":"Test worker","level":"INFO","level_value":20000}
{"@timestamp":"2026-01-19T20:58:26.101+01:00","@version":"1","message":"USER REGISTERED email=workflow.health@test.com id=1000","logger_name":"business","thread_name":"Test worker","level":"INFO","level_value":20000}
{"@timestamp":"2026-01-19T20:58:26.102+01:00","@version":"1","message":"REGISTRATION COMPLETED email=workflow.health@test.com","logger_name":"business","thread_name":"Test worker","level":"INFO","level_value":20000}
{"@timestamp":"2026-01-19T20:58:28.491+01:00","@version":"1","message":"REGISTRATION ATTEMPT email=labeltest0@test.com company=Company 0 sector=RESTAURANT phone=null siret=[NULL] ","logger_name":"business","thread_name":"Test worker","level":"INFO","level_value":20000}
{"@timestamp":"2026-01-19T20:58:28.564+01:00","@version":"1","message":"USER REGISTERED email=labeltest0@test.com id=1000","logger_name":"business","thread_name":"Test worker","level":"INFO","level_value":20000}
{"@timestamp":"2026-01-19T20:58:28.566+01:00","@version":"1","message":"REGISTRATION COMPLETED email=labeltest0@test.com","logger_name":"business","thread_name":"Test worker","level":"INFO","level_value":20000}
{"@timestamp":"2026-01-19T20:58:29.765+01:00","@version":"1","message":"REGISTRATION ATTEMPT email=workflow.restaurant@test.com company=Restaurant Workflow Test sector=RESTAURANT phone=0123456789 siret=[NULL] ","logger_name":"business","thread_name":"Test worker","level":"INFO","level_value":20000}
{"@timestamp":"2026-01-19T20:58:29.844+01:00","@version":"1","message":"USER REGISTERED email=workflow.restaurant@test.com id=1000","logger_name":"business","thread_name":"Test worker","level":"INFO","level_value":20000}
{"@timestamp":"2026-01-19T20:58:29.845+01:00","@version":"1","message":"REGISTRATION COMPLETED email=workflow.restaurant@test.com","logger_name":"business","thread_name":"Test worker","level":"INFO","level_value":20000}
{"@timestamp":"2026-01-19T21:08:08.507+01:00","@version":"1","message":"USER LOADED email=dr.martin@clinic.com sector=HEALTH_PROFESSIONAL role=USER","logger_name":"business","thread_name":"http-nio-8080-exec-3","level":"INFO","level_value":20000}
{"@timestamp":"2026-01-19T21:08:08.531+01:00","@version":"1","message":"APPOINTMENTS COUNT user=dr.martin@clinic.com count=2","logger_name":"business","thread_name":"http-nio-8080-exec-4","level":"INFO","level_value":20000}
{"@timestamp":"2026-01-19T21:17:16.615+01:00","@version":"1","message":"USER LOADED email=alice@restaurant.com sector=RESTAURANT role=USER","logger_name":"business","thread_name":"http-nio-8080-exec-4","level":"INFO","level_value":20000}
{"@timestamp":"2026-01-19T21:17:16.656+01:00","@version":"1","message":"APPOINTMENTS COUNT user=alice@restaurant.com count=3","logger_name":"business","thread_name":"http-nio-8080-exec-5","level":"INFO","level_value":20000}
{"@timestamp":"2026-01-19T21:17:37.895+01:00","@version":"1","message":"APPOINTMENTS COUNT user=alice@restaurant.com count=3","logger_name":"business","thread_name":"http-nio-8080-exec-1","level":"INFO","level_value":20000}
{"@timestamp":"2026-01-19T21:18:01.297+01:00","@version":"1","message":"USER LOADED email=dr.martin@clinic.com sector=HEALTH_PROFESSIONAL role=USER","logger_name":"business","thread_name":"http-nio-8080-exec-2","level":"INFO","level_value":20000}
{"@timestamp":"2026-01-19T21:18:01.306+01:00","@version":"1","message":"APPOINTMENTS COUNT user=dr.martin@clinic.com count=2","logger_name":"business","thread_name":"http-nio-8080-exec-3","level":"INFO","level_value":20000}
{"@timestamp":"2026-01-19T21:18:15.339+01:00","@version":"1","message":"USER LOADED email=meunier@garage.com sector=GARAGE role=USER","logger_name":"business","thread_name":"http-nio-8080-exec-5","level":"INFO","level_value":20000}
{"@timestamp":"2026-01-19T21:18:15.349+01:00","@version":"1","message":"APPOINTMENTS COUNT user=meunier@garage.com count=3","logger_name":"business","thread_name":"http-nio-8080-exec-6","level":"INFO","level_value":20000}
{"@timestamp":"2026-01-19T21:23:01.959+01:00","@version":"1","message":"USER LOADED email=alice@restaurant.com sector=RESTAURANT role=USER","logger_name":"business","thread_name":"http-nio-8080-exec-1","level":"INFO","level_value":20000}
{"@timestamp":"2026-01-19T21:23:02.023+01:00","@version":"1","message":"APPOINTMENTS COUNT user=alice@restaurant.com count=5","logger_name":"business","thread_name":"http-nio-8080-exec-2","level":"INFO","level_value":20000}
{"@timestamp":"2026-01-19T21:23:17.990+01:00","@version":"1","message":"USER LOADED email=dr.martin@clinic.com sector=HEALTH_PROFESSIONAL role=USER","logger_name":"business","thread_name":"http-nio-8080-exec-7","level":"INFO","level_value":20000}
{"@timestamp":"2026-01-19T21:23:17.998+01:00","@version":"1","message":"APPOINTMENTS COUNT user=dr.martin@clinic.com count=3","logger_name":"business","thread_name":"http-nio-8080-exec-8","level":"INFO","level_value":20000}
