{"@timestamp":"2026-01-19T20:50:51.273+01:00","@version":"1","message":"Returning appointments template","logger_name":"diagnostic","thread_name":"Test worker","level":"DEBUG","level_value":10000}
{"@timestamp":"2026-01-19T20:50:59.333+01:00","@version":"1","message":"Returning appointments template","logger_name":"diagnostic","thread_name":"Test worker","level":"DEBUG","level_value":10000}
{"@timestamp":"2026-01-19T20:51:06.687+01:00","@version":"1","message":"Returning appointments template","logger_name":"diagnostic","thread_name":"Test worker","level":"DEBUG","level_value":10000}
{"@timestamp":"2026-01-19T20:51:08.418+01:00","@version":"1","message":"Returning appointments template","logger_name":"diagnostic","thread_name":"Test worker","level":"DEBUG","level_value":10000}
{"@timestamp":"2026-01-19T20:51:11.403+01:00","@version":"1","message":"Returning appointments template","logger_name":"diagnostic","thread_name":"Test worker","level":"DEBUG","level_value":10000}
{"@timestamp":"2026-01-19T20:51:18.373+01:00","@version":"1","message":"Password hashed with DelegatingPasswordEncoder","logger_name":"diagnostic","thread_name":"Test worker","level":"DEBUG","level_value":10000}
{"@timestamp":"2026-01-19T20:51:20.745+01:00","@version":"1","message":"Password hashed with DelegatingPasswordEncoder","logger_name":"diagnostic","thread_name":"Test worker","level":"DEBUG","level_value":10000}
{"@timestamp":"2026-01-19T20:51:21.875+01:00","@version":"1","message":"Password hashed with DelegatingPasswordEncoder","logger_name":"diagnostic","thread_name":"Test worker","level":"DEBUG","level_value":10000}
{"@timestamp":"2026-01-19T20:52:13.816+01:00","@version":"1","message":"Returning appointments template","logger_name":"diagnostic","thread_name":"Test worker","level":"DEBUG","level_value":10000}
{"@timestamp":"2026-01-19T20:52:20.370+01:00","@version":"1","message":"Returning appointments template","logger_name":"diagnostic","thread_name":"Test worker","level":"DEBUG","level_value":10000}
{"@timestamp":"2026-01-19T20:52:27.230+01:00","@version":"1","message":"Returning appointments template","logger_name":"diagnostic","thread_name":"Test worker","level":"DEBUG","level_value":10000}
{"@timestamp":"2026-01-19T20:52:28.550+01:00","@version":"1","message":"Returning appointments template","logger_name":"diagnostic","thread_name":"Test worker","level":"DEBUG","level_value":10000}
{"@timestamp":"2026-01-19T20:52:31.336+01:00","@version":"1","message":"Returning appointments template","logger_name":"diagnostic","thread_name":"Test worker","level":"DEBUG","level_value":10000}
{"@timestamp":"2026-01-19T20:52:37.160+01:00","@version":"1","message":"Password hashed with DelegatingPasswordEncoder","logger_name":"diagnostic","thread_name":"Test worker","level":"DEBUG","level_value":10000}
{"@timestamp":"2026-01-19T20:52:39.367+01:00","@version":"1","message":"Password hashed with DelegatingPasswordEncoder","logger_name":"diagnostic","thread_name":"Test worker","level":"DEBUG","level_value":10000}
{"@timestamp":"2026-01-19T20:52:40.481+01:00","@version":"1","message":"Password hashed with DelegatingPasswordEncoder","logger_name":"diagnostic","thread_name":"Test worker","level":"DEBUG","level_value":10000}
{"@timestamp":"2026-01-19T20:57:19.422+01:00","@version":"1","message":"Returning appointments template","logger_name":"diagnostic","thread_name":"Test worker","level":"DEBUG","level_value":10000}
{"@timestamp":"2026-01-19T20:57:51.179+01:00","@version":"1","message":"Returning appointments template","logger_name":"diagnostic","thread_name":"Test worker","level":"DEBUG","level_value":10000}
{"@timestamp":"2026-01-19T20:58:00.967+01:00","@version":"1","message":"Returning appointments template","logger_name":"diagnostic","thread_name":"Test worker","level":"DEBUG","level_value":10000}
{"@timestamp":"2026-01-19T20:58:08.186+01:00","@version":"1","message":"Returning appointments template","logger_name":"diagnostic","thread_name":"Test worker","level":"DEBUG","level_value":10000}
{"@timestamp":"2026-01-19T20:58:15.617+01:00","@version":"1","message":"Returning appointments template","logger_name":"diagnostic","thread_name":"Test worker","level":"DEBUG","level_value":10000}
{"@timestamp":"2026-01-19T20:58:17.069+01:00","@version":"1","message":"Returning appointments template","logger_name":"diagnostic","thread_name":"Test worker","level":"DEBUG","level_value":10000}
{"@timestamp":"2026-01-19T20:58:19.836+01:00","@version":"1","message":"Returning appointments template","logger_name":"diagnostic","thread_name":"Test worker","level":"DEBUG","level_value":10000}
{"@timestamp":"2026-01-19T20:58:26.098+01:00","@version":"1","message":"Password hashed with DelegatingPasswordEncoder","logger_name":"diagnostic","thread_name":"Test worker","level":"DEBUG","level_value":10000}
{"@timestamp":"2026-01-19T20:58:28.562+01:00","@version":"1","message":"Password hashed with DelegatingPasswordEncoder","logger_name":"diagnostic","thread_name":"Test worker","level":"DEBUG","level_value":10000}
{"@timestamp":"2026-01-19T20:58:29.841+01:00","@version":"1","message":"Password hashed with DelegatingPasswordEncoder","logger_name":"diagnostic","thread_name":"Test worker","level":"DEBUG","level_value":10000}
{"@timestamp":"2026-01-19T21:08:08.507+01:00","@version":"1","message":"PasswordEncoder=DelegatingPasswordEncoder (hash suppressed)","logger_name":"diagnostic","thread_name":"http-nio-8080-exec-3","level":"DEBUG","level_value":10000}
{"@timestamp":"2026-01-19T21:08:08.508+01:00","@version":"1","message":"Password test match? false","logger_name":"diagnostic","thread_name":"http-nio-8080-exec-3","level":"DEBUG","level_value":10000}
{"@timestamp":"2026-01-19T21:17:16.616+01:00","@version":"1","message":"PasswordEncoder=DelegatingPasswordEncoder (hash suppressed)","logger_name":"diagnostic","thread_name":"http-nio-8080-exec-4","level":"DEBUG","level_value":10000}
{"@timestamp":"2026-01-19T21:17:16.616+01:00","@version":"1","message":"Password test match? false","logger_name":"diagnostic","thread_name":"http-nio-8080-exec-4","level":"DEBUG","level_value":10000}
{"@timestamp":"2026-01-19T21:17:16.657+01:00","@version":"1","message":"Returning appointments template","logger_name":"diagnostic","thread_name":"http-nio-8080-exec-5","level":"DEBUG","level_value":10000}
{"@timestamp":"2026-01-19T21:17:37.895+01:00","@version":"1","message":"Returning appointments template","logger_name":"diagnostic","thread_name":"http-nio-8080-exec-1","level":"DEBUG","level_value":10000}
{"@timestamp":"2026-01-19T21:18:01.298+01:00","@version":"1","message":"PasswordEncoder=DelegatingPasswordEncoder (hash suppressed)","logger_name":"diagnostic","thread_name":"http-nio-8080-exec-2","level":"DEBUG","level_value":10000}
{"@timestamp":"2026-01-19T21:18:01.298+01:00","@version":"1","message":"Password test match? false","logger_name":"diagnostic","thread_name":"http-nio-8080-exec-2","level":"DEBUG","level_value":10000}
{"@timestamp":"2026-01-19T21:18:15.340+01:00","@version":"1","message":"PasswordEncoder=DelegatingPasswordEncoder (hash suppressed)","logger_name":"diagnostic","thread_name":"http-nio-8080-exec-5","level":"DEBUG","level_value":10000}
{"@timestamp":"2026-01-19T21:18:15.340+01:00","@version":"1","message":"Password test match? false","logger_name":"diagnostic","thread_name":"http-nio-8080-exec-5","level":"DEBUG","level_value":10000}
{"@timestamp":"2026-01-19T21:18:15.349+01:00","@version":"1","message":"Returning appointments template","logger_name":"diagnostic","thread_name":"http-nio-8080-exec-6","level":"DEBUG","level_value":10000}
{"@timestamp":"2026-01-19T21:23:01.959+01:00","@version":"1","message":"PasswordEncoder=DelegatingPasswordEncoder (hash suppressed)","logger_name":"diagnostic","thread_name":"http-nio-8080-exec-1","level":"DEBUG","level_value":10000}
{"@timestamp":"2026-01-19T21:23:01.960+01:00","@version":"1","message":"Password test match? false","logger_name":"diagnostic","thread_name":"http-nio-8080-exec-1","level":"DEBUG","level_value":10000}
{"@timestamp":"2026-01-19T21:23:02.024+01:00","@version":"1","message":"Returning appointments template","logger_name":"diagnostic","thread_name":"http-nio-8080-exec-2","level":"DEBUG","level_value":10000}
{"@timestamp":"2026-01-19T21:23:17.990+01:00","@version":"1","message":"PasswordEncoder=DelegatingPasswordEncoder (hash suppressed)","logger_name":"diagnostic","thread_name":"http-nio-8080-exec-7","level":"DEBUG","level_value":10000}
{"@timestamp":"2026-01-19T21:23:17.990+01:00","@version":"1","message":"Password test match? false","logger_name":"diagnostic","thread_name":"http-nio-8080-exec-7","level":"DEBUG","level_value":10000}
