{"@timestamp":"2026-01-19T20:50:19.621+01:00","@version":"1","message":"PASSWORD ENCODER CONFIGURED: DelegatingPasswordEncoder","logger_name":"technical","thread_name":"Test worker","level":"INFO","level_value":20000}
{"@timestamp":"2026-01-19T20:50:19.622+01:00","@version":"1","message":"Application is starting up...","logger_name":"technical","thread_name":"Test worker","level":"INFO","level_value":20000}
{"@timestamp":"2026-01-19T20:50:19.767+01:00","@version":"1","message":"AUTHENTICATION PROVIDER CONFIGURED","logger_name":"technical","thread_name":"Test worker","level":"INFO","level_value":20000}
{"@timestamp":"2026-01-19T20:50:19.853+01:00","@version":"1","message":"BUILDING SPRING SECURITY FILTER CHAIN","logger_name":"technical","thread_name":"Test worker","level":"INFO","level_value":20000}
{"@timestamp":"2026-01-19T20:50:22.936+01:00","@version":"1","message":"PASSWORD ENCODER CONFIGURED: DelegatingPasswordEncoder","logger_name":"technical","thread_name":"Test worker","level":"INFO","level_value":20000}
{"@timestamp":"2026-01-19T20:50:22.936+01:00","@version":"1","message":"Application is starting up...","logger_name":"technical","thread_name":"Test worker","level":"INFO","level_value":20000}
{"@timestamp":"2026-01-19T20:50:22.982+01:00","@version":"1","message":"AUTHENTICATION PROVIDER CONFIGURED","logger_name":"technical","thread_name":"Test worker","level":"INFO","level_value":20000}
{"@timestamp":"2026-01-19T20:50:22.995+01:00","@version":"1","message":"BUILDING SPRING SECURITY FILTER CHAIN","logger_name":"technical","thread_name":"Test worker","level":"INFO","level_value":20000}
{"@timestamp":"2026-01-19T20:50:25.359+01:00","@version":"1","message":"PASSWORD ENCODER CONFIGURED: DelegatingPasswordEncoder","logger_name":"technical","thread_name":"Test worker","level":"INFO","level_value":20000}
{"@timestamp":"2026-01-19T20:50:25.360+01:00","@version":"1","message":"Application is starting up...","logger_name":"technical","thread_name":"Test worker","level":"INFO","level_value":20000}
{"@timestamp":"2026-01-19T20:50:25.416+01:00","@version":"1","message":"AUTHENTICATION PROVIDER CONFIGURED","logger_name":"technical","thread_name":"Test worker","level":"INFO","level_value":20000}
{"@timestamp":"2026-01-19T20:50:25.433+01:00","@version":"1","message":"BUILDING SPRING SECURITY FILTER CHAIN","logger_name":"technical","thread_name":"Test worker","level":"INFO","level_value":20000}
{"@timestamp":"2026-01-19T20:50:27.947+01:00","@version":"1","message":"PASSWORD ENCODER CONFIGURED: DelegatingPasswordEncoder","logger_name":"technical","thread_name":"Test worker","level":"INFO","level_value":20000}
{"@timestamp":"2026-01-19T20:50:27.948+01:00","@version":"1","message":"Application is starting up...","logger_name":"technical","thread_name":"Test worker","level":"INFO","level_value":20000}
{"@timestamp":"2026-01-19T20:50:28.003+01:00","@version":"1","message":"AUTHENTICATION PROVIDER CONFIGURED","logger_name":"technical","thread_name":"Test worker","level":"INFO","level_value":20000}
{"@timestamp":"2026-01-19T20:50:28.022+01:00","@version":"1","message":"BUILDING SPRING SECURITY FILTER CHAIN","logger_name":"technical","thread_name":"Test worker","level":"INFO","level_value":20000}
{"@timestamp":"2026-01-19T20:50:30.143+01:00","@version":"1","message":"PASSWORD ENCODER CONFIGURED: DelegatingPasswordEncoder","logger_name":"technical","thread_name":"Test worker","level":"INFO","level_value":20000}
{"@timestamp":"2026-01-19T20:50:30.144+01:00","@version":"1","message":"Application is starting up...","logger_name":"technical","thread_name":"Test worker","level":"INFO","level_value":20000}
{"@timestamp":"2026-01-19T20:50:30.194+01:00","@version":"1","message":"AUTHENTICATION PROVIDER CONFIGURED","logger_name":"technical","thread_name":"Test worker","level":"INFO","level_value":20000}
{"@timestamp":"2026-01-19T20:50:30.210+01:00","@version":"1","message":"BUILDING SPRING SECURITY FILTER CHAIN","logger_name":"technical","thread_name":"Test worker","level":"INFO","level_value":20000}
{"@timestamp":"2026-01-19T20:50:32.763+01:00","@version":"1","message":"PASSWORD ENCODER CONFIGURED: DelegatingPasswordEncoder","logger_name":"technical","thread_name":"Test worker","level":"INFO","level_value":20000}
{"@timestamp":"2026-01-19T20:50:32.763+01:00","@version":"1","message":"Application is starting up...","logger_name":"technical","thread_name":"Test worker","level":"INFO","level_value":20000}
{"@timestamp":"2026-01-19T20:50:32.848+01:00","@version":"1","message":"AUTHENTICATION PROVIDER CONFIGURED","logger_name":"technical","thread_name":"Test worker","level":"INFO","level_value":20000}
{"@timestamp":"2026-01-19T20:50:32.864+01:00","@version":"1","message":"BUILDING SPRING SECURITY FILTER CHAIN","logger_name":"technical","thread_name":"Test worker","level":"INFO","level_value":20000}
{"@timestamp":"2026-01-19T20:50:34.906+01:00","@version":"1","message":"PASSWORD ENCODER CONFIGURED: DelegatingPasswordEncoder","logger_name":"technical","thread_name":"Test worker","level":"INFO","level_value":20000}
{"@timestamp":"2026-01-19T20:50:34.907+01:00","@version":"1","message":"Application is starting up...","logger_name":"technical","thread_name":"Test worker","level":"INFO","level_value":20000}
{"@timestamp":"2026-01-19T20:50:34.965+01:00","@version":"1","message":"AUTHENTICATION PROVIDER CONFIGURED","logger_name":"technical","thread_name":"Test worker","level":"INFO","level_value":20000}
{"@timestamp":"2026-01-19T20:50:34.980+01:00","@version":"1","message":"BUILDING SPRING SECURITY FILTER CHAIN","logger_name":"technical","thread_name":"Test worker","level":"INFO","level_value":20000}
{"@timestamp":"2026-01-19T20:50:36.929+01:00","@version":"1","message":"PASSWORD ENCODER CONFIGURED: DelegatingPasswordEncoder","logger_name":"technical","thread_name":"Test worker","level":"INFO","level_value":20000}
{"@timestamp":"2026-01-19T20:50:36.930+01:00","@version":"1","message":"Application is starting up...","logger_name":"technical","thread_name":"Test worker","level":"INFO","level_value":20000}
{"@timestamp":"2026-01-19T20:50:36.979+01:00","@version":"1","message":"AUTHENTICATION PROVIDER CONFIGURED","logger_name":"technical","thread_name":"Test worker","level":"INFO","level_value":20000}
{"@timestamp":"2026-01-19T20:50:36.994+01:00","@version":"1","message":"BUILDING SPRING SECURITY FILTER CHAIN","logger_name":"technical","thread_name":"Test worker","level":"INFO","level_value":20000}
{"@timestamp":"2026-01-19T20:50:38.591+01:00","@version":"1","message":"PASSWORD ENCODER CONFIGURED: DelegatingPasswordEncoder","logger_name":"technical","thread_name":"Test worker","level":"INFO","level_value":20000}
{"@timestamp":"2026-01-19T20:50:38.591+01:00","@version":"1","message":"Application is starting up...","logger_name":"technical","thread_name":"Test worker","level":"INFO","level_value":20000}
{"@timestamp":"2026-01-19T20:50:38.637+01:00","@version":"1","message":"AUTHENTICATION PROVIDER CONFIGURED","logger_name":"technical","thread_name":"Test worker","level":"INFO","level_value":20000}
{"@timestamp":"2026-01-19T20:50:38.649+01:00","@version":"1","message":"BUILDING SPRING SECURITY FILTER CHAIN","logger_name":"technical","thread_name":"Test worker","level":"INFO","level_value":20000}
{"@timestamp":"2026-01-19T20:50:40.136+01:00","@version":"1","message":"PASSWORD ENCODER CONFIGURED: DelegatingPasswordEncoder","logger_name":"technical","thread_name":"Test worker","level":"INFO","level_value":20000}
{"@timestamp":"2026-01-19T20:50:40.136+01:00","@version":"1","message":"Application is starting up...","logger_name":"technical","thread_name":"Test worker","level":"INFO","level_value":20000}
{"@timestamp":"2026-01-19T20:50:40.175+01:00","@version":"1","message":"AUTHENTICATION PROVIDER CONFIGURED","logger_name":"technical","thread_name":"Test worker","level":"INFO","level_value":20000}
{"@timestamp":"2026-01-19T20:50:40.187+01:00","@version":"1","message":"BUILDING SPRING SECURITY FILTER CHAIN","logger_name":"technical","thread_name":"Test worker","level":"INFO","level_value":20000}
{"@timestamp":"2026-01-19T20:50:42.130+01:00","@version":"1","message":"PASSWORD ENCODER CONFIGURED: DelegatingPasswordEncoder","logger_name":"technical","thread_name":"Test worker","level":"INFO","level_value":20000}
{"@timestamp":"2026-01-19T20:50:42.130+01:00","@version":"1","message":"Application is starting up...","logger_name":"technical","thread_name":"Test worker","level":"INFO","level_value":20000}
{"@timestamp":"2026-01-19T20:50:42.171+01:00","@version":"1","message":"AUTHENTICATION PROVIDER CONFIGURED","logger_name":"technical","thread_name":"Test worker","level":"INFO","level_value":20000}
{"@timestamp":"2026-01-19T20:50:42.183+01:00","@version":"1","message":"BUILDING SPRING SECURITY FILTER CHAIN","logger_name":"technical","thread_name":"Test worker","level":"INFO","level_value":20000}
{"@timestamp":"2026-01-19T20:50:43.500+01:00","@version":"1","message":"PASSWORD ENCODER CONFIGURED: DelegatingPasswordEncoder","logger_name":"technical","thread_name":"Test worker","level":"INFO","level_value":20000}
{"@timestamp":"2026-01-19T20:50:43.501+01:00","@version":"1","message":"Application is starting up...","logger_name":"technical","thread_name":"Test worker","level":"INFO","level_value":20000}
{"@timestamp":"2026-01-19T20:50:43.535+01:00","@version":"1","message":"AUTHENTICATION PROVIDER CONFIGURED","logger_name":"technical","thread_name":"Test worker","level":"INFO","level_value":20000}
{"@timestamp":"2026-01-19T20:50:43.546+01:00","@version":"1","message":"BUILDING SPRING SECURITY FILTER CHAIN","logger_name":"technical","thread_name":"Test worker","level":"INFO","level_value":20000}
{"@timestamp":"2026-01-19T20:50:44.948+01:00","@version":"1","message":"PASSWORD ENCODER CONFIGURED: DelegatingPasswordEncoder","logger_name":"technical","thread_name":"Test worker","level":"INFO","level_value":20000}
{"@timestamp":"2026-01-19T20:50:44.948+01:00","@version":"1","message":"Application is starting up...","logger_name":"technical","thread_name":"Test worker","level":"INFO","level_value":20000}
{"@timestamp":"2026-01-19T20:50:44.999+01:00","@version":"1","message":"AUTHENTICATION PROVIDER CONFIGURED","logger_name":"technical","thread_name":"Test worker","level":"INFO","level_value":20000}
{"@timestamp":"2026-01-19T20:50:45.012+01:00","@version":"1","message":"BUILDING SPRING SECURITY FILTER CHAIN","logger_name":"technical","thread_name":"Test worker","level":"INFO","level_value":20000}
{"@timestamp":"2026-01-19T20:50:46.314+01:00","@version":"1","message":"PASSWORD ENCODER CONFIGURED: DelegatingPasswordEncoder","logger_name":"technical","thread_name":"Test worker","level":"INFO","level_value":20000}
{"@timestamp":"2026-01-19T20:50:46.314+01:00","@version":"1","message":"Application is starting up...","logger_name":"technical","thread_name":"Test worker","level":"INFO","level_value":20000}
{"@timestamp":"2026-01-19T20:50:46.353+01:00","@version":"1","message":"AUTHENTICATION PROVIDER CONFIGURED","logger_name":"technical","thread_name":"Test worker","level":"INFO","level_value":20000}
{"@timestamp":"2026-01-19T20:50:46.364+01:00","@version":"1","message":"BUILDING SPRING SECURITY FILTER CHAIN","logger_name":"technical","thread_name":"Test worker","level":"INFO","level_value":20000}
{"@timestamp":"2026-01-19T20:50:47.761+01:00","@version":"1","message":"PASSWORD ENCODER CONFIGURED: DelegatingPasswordEncoder","logger_name":"technical","thread_name":"Test worker","level":"INFO","level_value":20000}
{"@timestamp":"2026-01-19T20:50:47.761+01:00","@version":"1","message":"Application is starting up...","logger_name":"technical","thread_name":"Test worker","level":"INFO","level_value":20000}
{"@timestamp":"2026-01-19T20:50:47.807+01:00","@version":"1","message":"AUTHENTICATION PROVIDER CONFIGURED","logger_name":"technical","thread_name":"Test worker","level":"INFO","level_value":20000}
{"@timestamp":"2026-01-19T20:50:47.818+01:00","@version":"1","message":"BUILDING SPRING SECURITY FILTER CHAIN","logger_name":"technical","thread_name":"Test worker","level":"INFO","level_value":20000}
{"@timestamp":"2026-01-19T20:50:50.222+01:00","@version":"1","message":"PASSWORD ENCODER CONFIGURED: DelegatingPasswordEncoder","logger_name":"technical","thread_name":"Test worker","level":"INFO","level_value":20000}
{"@timestamp":"2026-01-19T20:50:50.222+01:00","@version":"1","message":"Application is starting up...","logger_name":"technical","thread_name":"Test worker","level":"INFO","level_value":20000}
{"@timestamp":"2026-01-19T20:50:50.260+01:00","@version":"1","message":"AUTHENTICATION PROVIDER CONFIGURED","logger_name":"technical","thread_name":"Test worker","level":"INFO","level_value":20000}
{"@timestamp":"2026-01-19T20:50:50.270+01:00","@version":"1","message":"BUILDING SPRING SECURITY FILTER CHAIN","logger_name":"technical","thread_name":"Test worker","level":"INFO","level_value":20000}
{"@timestamp":"2026-01-19T20:50:51.850+01:00","@version":"1","message":"PASSWORD ENCODER CONFIGURED: DelegatingPasswordEncoder","logger_name":"technical","thread_name":"Test worker","level":"INFO","level_value":20000}
{"@timestamp":"2026-01-19T20:50:51.851+01:00","@version":"1","message":"Application is starting up...","logger_name":"technical","thread_name":"Test worker","level":"INFO","level_value":20000}
{"@timestamp":"2026-01-19T20:50:51.894+01:00","@version":"1","message":"AUTHENTICATION PROVIDER CONFIGURED","logger_name":"technical","thread_name":"Test worker","level":"INFO","level_value":20000}
{"@timestamp":"2026-01-19T20:50:51.906+01:00","@version":"1","message":"BUILDING SPRING SECURITY FILTER CHAIN","logger_name":"technical","thread_name":"Test worker","level":"INFO","level_value":20000}
{"@timestamp":"2026-01-19T20:50:53.490+01:00","@version":"1","message":"PASSWORD ENCODER CONFIGURED: DelegatingPasswordEncoder","logger_name":"technical","thread_name":"Test worker","level":"INFO","level_value":20000}
{"@timestamp":"2026-01-19T20:50:53.490+01:00","@version":"1","message":"Application is starting up...","logger_name":"technical","thread_name":"Test worker","level":"INFO","level_value":20000}
{"@timestamp":"2026-01-19T20:50:53.526+01:00","@version":"1","message":"AUTHENTICATION PROVIDER CONFIGURED","logger_name":"technical","thread_name":"Test worker","level":"INFO","level_value":20000}
{"@timestamp":"2026-01-19T20:50:53.538+01:00","@version":"1","message":"BUILDING SPRING SECURITY FILTER CHAIN","logger_name":"technical","thread_name":"Test worker","level":"INFO","level_value":20000}
{"@timestamp":"2026-01-19T20:50:55.085+01:00","@version":"1","message":"PASSWORD ENCODER CONFIGURED: DelegatingPasswordEncoder","logger_name":"technical","thread_name":"Test worker","level":"INFO","level_value":20000}
{"@timestamp":"2026-01-19T20:50:55.086+01:00","@version":"1","message":"Application is starting up...","logger_name":"technical","thread_name":"Test worker","level":"INFO","level_value":20000}
{"@timestamp":"2026-01-19T20:50:55.113+01:00","@version":"1","message":"AUTHENTICATION PROVIDER CONFIGURED","logger_name":"technical","thread_name":"Test worker","level":"INFO","level_value":20000}
{"@timestamp":"2026-01-19T20:50:55.122+01:00","@version":"1","message":"BUILDING SPRING SECURITY FILTER CHAIN","logger_name":"technical","thread_name":"Test worker","level":"INFO","level_value":20000}
{"@timestamp":"2026-01-19T20:50:56.578+01:00","@version":"1","message":"PASSWORD ENCODER CONFIGURED: DelegatingPasswordEncoder","logger_name":"technical","thread_name":"Test worker","level":"INFO","level_value":20000}
{"@timestamp":"2026-01-19T20:50:56.578+01:00","@version":"1","message":"Application is starting up...","logger_name":"technical","thread_name":"Test worker","level":"INFO","level_value":20000}
{"@timestamp":"2026-01-19T20:50:56.611+01:00","@version":"1","message":"AUTHENTICATION PROVIDER CONFIGURED","logger_name":"technical","thread_name":"Test worker","level":"INFO","level_value":20000}
{"@timestamp":"2026-01-19T20:50:56.621+01:00","@version":"1","message":"BUILDING SPRING SECURITY FILTER CHAIN","logger_name":"technical","thread_name":"Test worker","level":"INFO","level_value":20000}
{"@timestamp":"2026-01-19T20:50:58.247+01:00","@version":"1","message":"PASSWORD ENCODER CONFIGURED: DelegatingPasswordEncoder","logger_name":"technical","thread_name":"Test worker","level":"INFO","level_value":20000}
{"@timestamp":"2026-01-19T20:50:58.247+01:00","@version":"1","message":"Application is starting up...","logger_name":"technical","thread_name":"Test worker","level":"INFO","level_value":20000}
{"@timestamp":"2026-01-19T20:50:58.291+01:00","@version":"1","message":"AUTHENTICATION PROVIDER CONFIGURED","logger_name":"technical","thread_name":"Test worker","level":"INFO","level_value":20000}
{"@timestamp":"2026-01-19T20:50:58.302+01:00","@version":"1","message":"BUILDING SPRING SECURITY FILTER CHAIN","logger_name":"technical","thread_name":"Test worker","level":"INFO","level_value":20000}
{"@timestamp":"2026-01-19T20:50:59.790+01:00","@version":"1","message":"PASSWORD ENCODER CONFIGURED: DelegatingPasswordEncoder","logger_name":"technical","thread_name":"Test worker","level":"INFO","level_value":20000}
{"@timestamp":"2026-01-19T20:50:59.790+01:00","@version":"1","message":"Application is starting up...","logger_name":"technical","thread_name":"Test worker","level":"INFO","level_value":20000}
{"@timestamp":"2026-01-19T20:50:59.818+01:00","@version":"1","message":"AUTHENTICATION PROVIDER CONFIGURED","logger_name":"technical","thread_name":"Test worker","level":"INFO","level_value":20000}
{"@timestamp":"2026-01-19T20:50:59.827+01:00","@version":"1","message":"BUILDING SPRING SECURITY FILTER CHAIN","logger_name":"technical","thread_name":"Test worker","level":"INFO","level_value":20000}
{"@timestamp":"2026-01-19T20:51:01.192+01:00","@version":"1","message":"PASSWORD ENCODER CONFIGURED: DelegatingPasswordEncoder","logger_name":"technical","thread_name":"Test worker","level":"INFO","level_value":20000}
{"@timestamp":"2026-01-19T20:51:01.192+01:00","@version":"1","message":"Application is starting up...","logger_name":"technical","thread_name":"Test worker","level":"INFO","level_value":20000}
{"@timestamp":"2026-01-19T20:51:01.226+01:00","@version":"1","message":"AUTHENTICATION PROVIDER CONFIGURED","logger_name":"technical","thread_name":"Test worker","level":"INFO","level_value":20000}
{"@timestamp":"2026-01-19T20:51:01.239+01:00","@version":"1","message":"BUILDING SPRING SECURITY FILTER CHAIN","logger_name":"technical","thread_name":"Test worker","level":"INFO","level_value":20000}
{"@timestamp":"2026-01-19T20:51:02.706+01:00","@version":"1","message":"PASSWORD ENCODER CONFIGURED: DelegatingPasswordEncoder","logger_name":"technical","thread_name":"Test worker","level":"INFO","level_value":20000}
{"@timestamp":"2026-01-19T20:51:02.707+01:00","@version":"1","message":"Application is starting up...","logger_name":"technical","thread_name":"Test worker","level":"INFO","level_value":20000}
{"@timestamp":"2026-01-19T20:51:02.738+01:00","@version":"1","message":"AUTHENTICATION PROVIDER CONFIGURED","logger_name":"technical","thread_name":"Test worker","level":"INFO","level_value":20000}
{"@timestamp":"2026-01-19T20:51:02.749+01:00","@version":"1","message":"BUILDING SPRING SECURITY FILTER CHAIN","logger_name":"technical","thread_name":"Test worker","level":"INFO","level_value":20000}
{"@timestamp":"2026-01-19T20:51:04.268+01:00","@version":"1","message":"PASSWORD ENCODER CONFIGURED: DelegatingPasswordEncoder","logger_name":"technical","thread_name":"Test worker","level":"INFO","level_value":20000}
{"@timestamp":"2026-01-19T20:51:04.268+01:00","@version":"1","message":"Application is starting up...","logger_name":"technical","thread_name":"Test worker","level":"INFO","level_value":20000}
{"@timestamp":"2026-01-19T20:51:04.298+01:00","@version":"1","message":"AUTHENTICATION PROVIDER CONFIGURED","logger_name":"technical","thread_name":"Test worker","level":"INFO","level_value":20000}
{"@timestamp":"2026-01-19T20:51:04.307+01:00","@version":"1","message":"BUILDING SPRING SECURITY FILTER CHAIN","logger_name":"technical","thread_name":"Test worker","level":"INFO","level_value":20000}
{"@timestamp":"2026-01-19T20:51:05.705+01:00","@version":"1","message":"PASSWORD ENCODER CONFIGURED: DelegatingPasswordEncoder","logger_name":"technical","thread_name":"Test worker","level":"INFO","level_value":20000}
{"@timestamp":"2026-01-19T20:51:05.705+01:00","@version":"1","message":"Application is starting up...","logger_name":"technical","thread_name":"Test worker","level":"INFO","level_value":20000}
{"@timestamp":"2026-01-19T20:51:05.740+01:00","@version":"1","message":"AUTHENTICATION PROVIDER CONFIGURED","logger_name":"technical","thread_name":"Test worker","level":"INFO","level_value":20000}
{"@timestamp":"2026-01-19T20:51:05.750+01:00","@version":"1","message":"BUILDING SPRING SECURITY FILTER CHAIN","logger_name":"technical","thread_name":"Test worker","level":"INFO","level_value":20000}
{"@timestamp":"2026-01-19T20:51:07.209+01:00","@version":"1","message":"PASSWORD ENCODER CONFIGURED: DelegatingPasswordEncoder","logger_name":"technical","thread_name":"Test worker","level":"INFO","level_value":20000}
{"@timestamp":"2026-01-19T20:51:07.209+01:00","@version":"1","message":"Application is starting up...","logger_name":"technical","thread_name":"Test worker","level":"INFO","level_value":20000}
{"@timestamp":"2026-01-19T20:51:07.251+01:00","@version":"1","message":"AUTHENTICATION PROVIDER CONFIGURED","logger_name":"technical","thread_name":"Test worker","level":"INFO","level_value":20000}
{"@timestamp":"2026-01-19T20:51:07.261+01:00","@version":"1","message":"BUILDING SPRING SECURITY FILTER CHAIN","logger_name":"technical","thread_name":"Test worker","level":"INFO","level_value":20000}
{"@timestamp":"2026-01-19T20:51:08.902+01:00","@version":"1","message":"PASSWORD ENCODER CONFIGURED: DelegatingPasswordEncoder","logger_name":"technical","thread_name":"Test worker","level":"INFO","level_value":20000}
{"@timestamp":"2026-01-19T20:51:08.902+01:00","@version":"1","message":"Application is starting up...","logger_name":"technical","thread_name":"Test worker","level":"INFO","level_value":20000}
{"@timestamp":"2026-01-19T20:51:08.934+01:00","@version":"1","message":"AUTHENTICATION PROVIDER CONFIGURED","logger_name":"technical","thread_name":"Test worker","level":"INFO","level_value":20000}
{"@timestamp":"2026-01-19T20:51:08.944+01:00","@version":"1","message":"BUILDING SPRING SECURITY FILTER CHAIN","logger_name":"technical","thread_name":"Test worker","level":"INFO","level_value":20000}
{"@timestamp":"2026-01-19T20:51:10.449+01:00","@version":"1","message":"PASSWORD ENCODER CONFIGURED: DelegatingPasswordEncoder","logger_name":"technical","thread_name":"Test worker","level":"INFO","level_value":20000}
{"@timestamp":"2026-01-19T20:51:10.449+01:00","@version":"1","message":"Application is starting up...","logger_name":"technical","thread_name":"Test worker","level":"INFO","level_value":20000}
{"@timestamp":"2026-01-19T20:51:10.480+01:00","@version":"1","message":"AUTHENTICATION PROVIDER CONFIGURED","logger_name":"technical","thread_name":"Test worker","level":"INFO","level_value":20000}
{"@timestamp":"2026-01-19T20:51:10.490+01:00","@version":"1","message":"BUILDING SPRING SECURITY FILTER CHAIN","logger_name":"technical","thread_name":"Test worker","level":"INFO","level_value":20000}
{"@timestamp":"2026-01-19T20:51:11.925+01:00","@version":"1","message":"PASSWORD ENCODER CONFIGURED: DelegatingPasswordEncoder","logger_name":"technical","thread_name":"Test worker","level":"INFO","level_value":20000}
{"@timestamp":"2026-01-19T20:51:11.925+01:00","@version":"1","message":"Application is starting up...","logger_name":"technical","thread_name":"Test worker","level":"INFO","level_value":20000}
{"@timestamp":"2026-01-19T20:51:11.958+01:00","@version":"1","message":"AUTHENTICATION PROVIDER CONFIGURED","logger_name":"technical","thread_name":"Test worker","level":"INFO","level_value":20000}
{"@timestamp":"2026-01-19T20:51:11.968+01:00","@version":"1","message":"BUILDING SPRING SECURITY FILTER CHAIN","logger_name":"technical","thread_name":"Test worker","level":"INFO","level_value":20000}
{"@timestamp":"2026-01-19T20:51:13.041+01:00","@version":"1","message":"ERROR in listAppointments cause=could not execute statement; SQL [n/a]; constraint [\"PRIMARY KEY ON PUBLIC.SP_AUDIT_LOG(ID) ( /* key:1 */ CAST(1 AS BIGINT), 'LOGIN', 'Connexion', '192.168.1.100', '1', 'USER', TIMESTAMP '2025-12-20 20:51:12.495', CAST(1 AS BIGINT))\"; SQL statement:\n/* insert com.reynaud.poseuralert.model.AuditLogEntity */ insert into sp_audit_log (action, details, ip_address, professional_id, resource_id, res [23505-214]]; nested exception is org.hibernate.exception.ConstraintViolationException: could not execute statement","logger_name":"technical","thread_name":"Test worker","level":"ERROR","level_value":40000}
{"@timestamp":"2026-01-19T20:51:13.510+01:00","@version":"1","message":"PASSWORD ENCODER CONFIGURED: DelegatingPasswordEncoder","logger_name":"technical","thread_name":"Test worker","level":"INFO","level_value":20000}
{"@timestamp":"2026-01-19T20:51:13.510+01:00","@version":"1","message":"Application is starting up...","logger_name":"technical","thread_name":"Test worker","level":"INFO","level_value":20000}
{"@timestamp":"2026-01-19T20:51:13.541+01:00","@version":"1","message":"AUTHENTICATION PROVIDER CONFIGURED","logger_name":"technical","thread_name":"Test worker","level":"INFO","level_value":20000}
{"@timestamp":"2026-01-19T20:51:13.551+01:00","@version":"1","message":"BUILDING SPRING SECURITY FILTER CHAIN","logger_name":"technical","thread_name":"Test worker","level":"INFO","level_value":20000}
{"@timestamp":"2026-01-19T20:51:17.641+01:00","@version":"1","message":"PASSWORD ENCODER CONFIGURED: DelegatingPasswordEncoder","logger_name":"technical","thread_name":"Test worker","level":"INFO","level_value":20000}
{"@timestamp":"2026-01-19T20:51:17.641+01:00","@version":"1","message":"Application is starting up...","logger_name":"technical","thread_name":"Test worker","level":"INFO","level_value":20000}
{"@timestamp":"2026-01-19T20:51:17.673+01:00","@version":"1","message":"AUTHENTICATION PROVIDER CONFIGURED","logger_name":"technical","thread_name":"Test worker","level":"INFO","level_value":20000}
{"@timestamp":"2026-01-19T20:51:17.683+01:00","@version":"1","message":"BUILDING SPRING SECURITY FILTER CHAIN","logger_name":"technical","thread_name":"Test worker","level":"INFO","level_value":20000}
{"@timestamp":"2026-01-19T20:51:18.377+01:00","@version":"1","message":"VERIFIED USER PERSISTENCE email=workflow.health@test.com sector=HEALTH_PROFESSIONAL ","logger_name":"technical","thread_name":"Test worker","level":"INFO","level_value":20000}
{"@timestamp":"2026-01-19T20:51:18.868+01:00","@version":"1","message":"PASSWORD ENCODER CONFIGURED: DelegatingPasswordEncoder","logger_name":"technical","thread_name":"Test worker","level":"INFO","level_value":20000}
{"@timestamp":"2026-01-19T20:51:18.868+01:00","@version":"1","message":"Application is starting up...","logger_name":"technical","thread_name":"Test worker","level":"INFO","level_value":20000}
{"@timestamp":"2026-01-19T20:51:18.899+01:00","@version":"1","message":"AUTHENTICATION PROVIDER CONFIGURED","logger_name":"technical","thread_name":"Test worker","level":"INFO","level_value":20000}
{"@timestamp":"2026-01-19T20:51:18.908+01:00","@version":"1","message":"BUILDING SPRING SECURITY FILTER CHAIN","logger_name":"technical","thread_name":"Test worker","level":"INFO","level_value":20000}
{"@timestamp":"2026-01-19T20:51:20.009+01:00","@version":"1","message":"PASSWORD ENCODER CONFIGURED: DelegatingPasswordEncoder","logger_name":"technical","thread_name":"Test worker","level":"INFO","level_value":20000}
{"@timestamp":"2026-01-19T20:51:20.009+01:00","@version":"1","message":"Application is starting up...","logger_name":"technical","thread_name":"Test worker","level":"INFO","level_value":20000}
{"@timestamp":"2026-01-19T20:51:20.046+01:00","@version":"1","message":"AUTHENTICATION PROVIDER CONFIGURED","logger_name":"technical","thread_name":"Test worker","level":"INFO","level_value":20000}
{"@timestamp":"2026-01-19T20:51:20.055+01:00","@version":"1","message":"BUILDING SPRING SECURITY FILTER CHAIN","logger_name":"technical","thread_name":"Test worker","level":"INFO","level_value":20000}
{"@timestamp":"2026-01-19T20:51:20.748+01:00","@version":"1","message":"VERIFIED USER PERSISTENCE email=labeltest0@test.com sector=RESTAURANT ","logger_name":"technical","thread_name":"Test worker","level":"INFO","level_value":20000}
{"@timestamp":"2026-01-19T20:51:21.184+01:00","@version":"1","message":"PASSWORD ENCODER CONFIGURED: DelegatingPasswordEncoder","logger_name":"technical","thread_name":"Test worker","level":"INFO","level_value":20000}
{"@timestamp":"2026-01-19T20:51:21.184+01:00","@version":"1","message":"Application is starting up...","logger_name":"technical","thread_name":"Test worker","level":"INFO","level_value":20000}
{"@timestamp":"2026-01-19T20:51:21.211+01:00","@version":"1","message":"AUTHENTICATION PROVIDER CONFIGURED","logger_name":"technical","thread_name":"Test worker","level":"INFO","level_value":20000}
{"@timestamp":"2026-01-19T20:51:21.219+01:00","@version":"1","message":"BUILDING SPRING SECURITY FILTER CHAIN","logger_name":"technical","thread_name":"Test worker","level":"INFO","level_value":20000}
{"@timestamp":"2026-01-19T20:51:21.879+01:00","@version":"1","message":"VERIFIED USER PERSISTENCE email=workflow.restaurant@test.com sector=RESTAURANT ","logger_name":"technical","thread_name":"Test worker","level":"INFO","level_value":20000}
{"@timestamp":"2026-01-19T20:51:53.584+01:00","@version":"1","message":"PASSWORD ENCODER CONFIGURED: DelegatingPasswordEncoder","logger_name":"technical","thread_name":"Test worker","level":"INFO","level_value":20000}
{"@timestamp":"2026-01-19T20:51:53.585+01:00","@version":"1","message":"Application is starting up...","logger_name":"technical","thread_name":"Test worker","level":"INFO","level_value":20000}
{"@timestamp":"2026-01-19T20:51:53.670+01:00","@version":"1","message":"AUTHENTICATION PROVIDER CONFIGURED","logger_name":"technical","thread_name":"Test worker","level":"INFO","level_value":20000}
{"@timestamp":"2026-01-19T20:51:53.729+01:00","@version":"1","message":"BUILDING SPRING SECURITY FILTER CHAIN","logger_name":"technical","thread_name":"Test worker","level":"INFO","level_value":20000}
{"@timestamp":"2026-01-19T20:51:56.210+01:00","@version":"1","message":"PASSWORD ENCODER CONFIGURED: DelegatingPasswordEncoder","logger_name":"technical","thread_name":"Test worker","level":"INFO","level_value":20000}
{"@timestamp":"2026-01-19T20:51:56.211+01:00","@version":"1","message":"Application is starting up...","logger_name":"technical","thread_name":"Test worker","level":"INFO","level_value":20000}
{"@timestamp":"2026-01-19T20:51:56.248+01:00","@version":"1","message":"AUTHENTICATION PROVIDER CONFIGURED","logger_name":"technical","thread_name":"Test worker","level":"INFO","level_value":20000}
{"@timestamp":"2026-01-19T20:51:56.258+01:00","@version":"1","message":"BUILDING SPRING SECURITY FILTER CHAIN","logger_name":"technical","thread_name":"Test worker","level":"INFO","level_value":20000}
{"@timestamp":"2026-01-19T20:51:57.914+01:00","@version":"1","message":"PASSWORD ENCODER CONFIGURED: DelegatingPasswordEncoder","logger_name":"technical","thread_name":"Test worker","level":"INFO","level_value":20000}
{"@timestamp":"2026-01-19T20:51:57.914+01:00","@version":"1","message":"Application is starting up...","logger_name":"technical","thread_name":"Test worker","level":"INFO","level_value":20000}
{"@timestamp":"2026-01-19T20:51:57.966+01:00","@version":"1","message":"AUTHENTICATION PROVIDER CONFIGURED","logger_name":"technical","thread_name":"Test worker","level":"INFO","level_value":20000}
{"@timestamp":"2026-01-19T20:51:57.977+01:00","@version":"1","message":"BUILDING SPRING SECURITY FILTER CHAIN","logger_name":"technical","thread_name":"Test worker","level":"INFO","level_value":20000}
{"@timestamp":"2026-01-19T20:51:59.402+01:00","@version":"1","message":"PASSWORD ENCODER CONFIGURED: DelegatingPasswordEncoder","logger_name":"technical","thread_name":"Test worker","level":"INFO","level_value":20000}
{"@timestamp":"2026-01-19T20:51:59.402+01:00","@version":"1","message":"Application is starting up...","logger_name":"technical","thread_name":"Test worker","level":"INFO","level_value":20000}
{"@timestamp":"2026-01-19T20:51:59.436+01:00","@version":"1","message":"AUTHENTICATION PROVIDER CONFIGURED","logger_name":"technical","thread_name":"Test worker","level":"INFO","level_value":20000}
{"@timestamp":"2026-01-19T20:51:59.447+01:00","@version":"1","message":"BUILDING SPRING SECURITY FILTER CHAIN","logger_name":"technical","thread_name":"Test worker","level":"INFO","level_value":20000}
{"@timestamp":"2026-01-19T20:52:00.731+01:00","@version":"1","message":"PASSWORD ENCODER CONFIGURED: DelegatingPasswordEncoder","logger_name":"technical","thread_name":"Test worker","level":"INFO","level_value":20000}
{"@timestamp":"2026-01-19T20:52:00.731+01:00","@version":"1","message":"Application is starting up...","logger_name":"technical","thread_name":"Test worker","level":"INFO","level_value":20000}
{"@timestamp":"2026-01-19T20:52:00.759+01:00","@version":"1","message":"AUTHENTICATION PROVIDER CONFIGURED","logger_name":"technical","thread_name":"Test worker","level":"INFO","level_value":20000}
{"@timestamp":"2026-01-19T20:52:00.766+01:00","@version":"1","message":"BUILDING SPRING SECURITY FILTER CHAIN","logger_name":"technical","thread_name":"Test worker","level":"INFO","level_value":20000}
{"@timestamp":"2026-01-19T20:52:01.955+01:00","@version":"1","message":"PASSWORD ENCODER CONFIGURED: DelegatingPasswordEncoder","logger_name":"technical","thread_name":"Test worker","level":"INFO","level_value":20000}
{"@timestamp":"2026-01-19T20:52:01.956+01:00","@version":"1","message":"Application is starting up...","logger_name":"technical","thread_name":"Test worker","level":"INFO","level_value":20000}
{"@timestamp":"2026-01-19T20:52:01.991+01:00","@version":"1","message":"AUTHENTICATION PROVIDER CONFIGURED","logger_name":"technical","thread_name":"Test worker","level":"INFO","level_value":20000}
{"@timestamp":"2026-01-19T20:52:01.999+01:00","@version":"1","message":"BUILDING SPRING SECURITY FILTER CHAIN","logger_name":"technical","thread_name":"Test worker","level":"INFO","level_value":20000}
{"@timestamp":"2026-01-19T20:52:03.152+01:00","@version":"1","message":"PASSWORD ENCODER CONFIGURED: DelegatingPasswordEncoder","logger_name":"technical","thread_name":"Test worker","level":"INFO","level_value":20000}
{"@timestamp":"2026-01-19T20:52:03.153+01:00","@version":"1","message":"Application is starting up...","logger_name":"technical","thread_name":"Test worker","level":"INFO","level_value":20000}
{"@timestamp":"2026-01-19T20:52:03.185+01:00","@version":"1","message":"AUTHENTICATION PROVIDER CONFIGURED","logger_name":"technical","thread_name":"Test worker","level":"INFO","level_value":20000}
{"@timestamp":"2026-01-19T20:52:03.193+01:00","@version":"1","message":"BUILDING SPRING SECURITY FILTER CHAIN","logger_name":"technical","thread_name":"Test worker","level":"INFO","level_value":20000}
{"@timestamp":"2026-01-19T20:52:04.302+01:00","@version":"1","message":"PASSWORD ENCODER CONFIGURED: DelegatingPasswordEncoder","logger_name":"technical","thread_name":"Test worker","level":"INFO","level_value":20000}
{"@timestamp":"2026-01-19T20:52:04.302+01:00","@version":"1","message":"Application is starting up...","logger_name":"technical","thread_name":"Test worker","level":"INFO","level_value":20000}
{"@timestamp":"2026-01-19T20:52:04.328+01:00","@version":"1","message":"AUTHENTICATION PROVIDER CONFIGURED","logger_name":"technical","thread_name":"Test worker","level":"INFO","level_value":20000}
{"@timestamp":"2026-01-19T20:52:04.344+01:00","@version":"1","message":"BUILDING SPRING SECURITY FILTER CHAIN","logger_name":"technical","thread_name":"Test worker","level":"INFO","level_value":20000}
{"@timestamp":"2026-01-19T20:52:05.387+01:00","@version":"1","message":"PASSWORD ENCODER CONFIGURED: DelegatingPasswordEncoder","logger_name":"technical","thread_name":"Test worker","level":"INFO","level_value":20000}
{"@timestamp":"2026-01-19T20:52:05.387+01:00","@version":"1","message":"Application is starting up...","logger_name":"technical","thread_name":"Test worker","level":"INFO","level_value":20000}
{"@timestamp":"2026-01-19T20:52:05.423+01:00","@version":"1","message":"AUTHENTICATION PROVIDER CONFIGURED","logger_name":"technical","thread_name":"Test worker","level":"INFO","level_value":20000}
{"@timestamp":"2026-01-19T20:52:05.433+01:00","@version":"1","message":"BUILDING SPRING SECURITY FILTER CHAIN","logger_name":"technical","thread_name":"Test worker","level":"INFO","level_value":20000}
{"@timestamp":"2026-01-19T20:52:06.855+01:00","@version":"1","message":"PASSWORD ENCODER CONFIGURED: DelegatingPasswordEncoder","logger_name":"technical","thread_name":"Test worker","level":"INFO","level_value":20000}
{"@timestamp":"2026-01-19T20:52:06.855+01:00","@version":"1","message":"Application is starting up...","logger_name":"technical","thread_name":"Test worker","level":"INFO","level_value":20000}
{"@timestamp":"2026-01-19T20:52:06.884+01:00","@version":"1","message":"AUTHENTICATION PROVIDER CONFIGURED","logger_name":"technical","thread_name":"Test worker","level":"INFO","level_value":20000}
{"@timestamp":"2026-01-19T20:52:06.893+01:00","@version":"1","message":"BUILDING SPRING SECURITY FILTER CHAIN","logger_name":"technical","thread_name":"Test worker","level":"INFO","level_value":20000}
{"@timestamp":"2026-01-19T20:52:07.934+01:00","@version":"1","message":"PASSWORD ENCODER CONFIGURED: DelegatingPasswordEncoder","logger_name":"technical","thread_name":"Test worker","level":"INFO","level_value":20000}
{"@timestamp":"2026-01-19T20:52:07.934+01:00","@version":"1","message":"Application is starting up...","logger_name":"technical","thread_name":"Test worker","level":"INFO","level_value":20000}
{"@timestamp":"2026-01-19T20:52:07.959+01:00","@version":"1","message":"AUTHENTICATION PROVIDER CONFIGURED","logger_name":"technical","thread_name":"Test worker","level":"INFO","level_value":20000}
{"@timestamp":"2026-01-19T20:52:07.967+01:00","@version":"1","message":"BUILDING SPRING SECURITY FILTER CHAIN","logger_name":"technical","thread_name":"Test worker","level":"INFO","level_value":20000}
{"@timestamp":"2026-01-19T20:52:08.964+01:00","@version":"1","message":"PASSWORD ENCODER CONFIGURED: DelegatingPasswordEncoder","logger_name":"technical","thread_name":"Test worker","level":"INFO","level_value":20000}
{"@timestamp":"2026-01-19T20:52:08.965+01:00","@version":"1","message":"Application is starting up...","logger_name":"technical","thread_name":"Test worker","level":"INFO","level_value":20000}
{"@timestamp":"2026-01-19T20:52:08.990+01:00","@version":"1","message":"AUTHENTICATION PROVIDER CONFIGURED","logger_name":"technical","thread_name":"Test worker","level":"INFO","level_value":20000}
{"@timestamp":"2026-01-19T20:52:08.998+01:00","@version":"1","message":"BUILDING SPRING SECURITY FILTER CHAIN","logger_name":"technical","thread_name":"Test worker","level":"INFO","level_value":20000}
{"@timestamp":"2026-01-19T20:52:09.978+01:00","@version":"1","message":"PASSWORD ENCODER CONFIGURED: DelegatingPasswordEncoder","logger_name":"technical","thread_name":"Test worker","level":"INFO","level_value":20000}
{"@timestamp":"2026-01-19T20:52:09.978+01:00","@version":"1","message":"Application is starting up...","logger_name":"technical","thread_name":"Test worker","level":"INFO","level_value":20000}
{"@timestamp":"2026-01-19T20:52:10.002+01:00","@version":"1","message":"AUTHENTICATION PROVIDER CONFIGURED","logger_name":"technical","thread_name":"Test worker","level":"INFO","level_value":20000}
{"@timestamp":"2026-01-19T20:52:10.009+01:00","@version":"1","message":"BUILDING SPRING SECURITY FILTER CHAIN","logger_name":"technical","thread_name":"Test worker","level":"INFO","level_value":20000}
{"@timestamp":"2026-01-19T20:52:10.969+01:00","@version":"1","message":"PASSWORD ENCODER CONFIGURED: DelegatingPasswordEncoder","logger_name":"technical","thread_name":"Test worker","level":"INFO","level_value":20000}
{"@timestamp":"2026-01-19T20:52:10.969+01:00","@version":"1","message":"Application is starting up...","logger_name":"technical","thread_name":"Test worker","level":"INFO","level_value":20000}
{"@timestamp":"2026-01-19T20:52:11.008+01:00","@version":"1","message":"AUTHENTICATION PROVIDER CONFIGURED","logger_name":"technical","thread_name":"Test worker","level":"INFO","level_value":20000}
{"@timestamp":"2026-01-19T20:52:11.016+01:00","@version":"1","message":"BUILDING SPRING SECURITY FILTER CHAIN","logger_name":"technical","thread_name":"Test worker","level":"INFO","level_value":20000}
{"@timestamp":"2026-01-19T20:52:12.903+01:00","@version":"1","message":"PASSWORD ENCODER CONFIGURED: DelegatingPasswordEncoder","logger_name":"technical","thread_name":"Test worker","level":"INFO","level_value":20000}
{"@timestamp":"2026-01-19T20:52:12.904+01:00","@version":"1","message":"Application is starting up...","logger_name":"technical","thread_name":"Test worker","level":"INFO","level_value":20000}
{"@timestamp":"2026-01-19T20:52:12.934+01:00","@version":"1","message":"AUTHENTICATION PROVIDER CONFIGURED","logger_name":"technical","thread_name":"Test worker","level":"INFO","level_value":20000}
{"@timestamp":"2026-01-19T20:52:12.943+01:00","@version":"1","message":"BUILDING SPRING SECURITY FILTER CHAIN","logger_name":"technical","thread_name":"Test worker","level":"INFO","level_value":20000}
{"@timestamp":"2026-01-19T20:52:14.261+01:00","@version":"1","message":"PASSWORD ENCODER CONFIGURED: DelegatingPasswordEncoder","logger_name":"technical","thread_name":"Test worker","level":"INFO","level_value":20000}
{"@timestamp":"2026-01-19T20:52:14.261+01:00","@version":"1","message":"Application is starting up...","logger_name":"technical","thread_name":"Test worker","level":"INFO","level_value":20000}
{"@timestamp":"2026-01-19T20:52:14.289+01:00","@version":"1","message":"AUTHENTICATION PROVIDER CONFIGURED","logger_name":"technical","thread_name":"Test worker","level":"INFO","level_value":20000}
{"@timestamp":"2026-01-19T20:52:14.296+01:00","@version":"1","message":"BUILDING SPRING SECURITY FILTER CHAIN","logger_name":"technical","thread_name":"Test worker","level":"INFO","level_value":20000}
{"@timestamp":"2026-01-19T20:52:15.583+01:00","@version":"1","message":"PASSWORD ENCODER CONFIGURED: DelegatingPasswordEncoder","logger_name":"technical","thread_name":"Test worker","level":"INFO","level_value":20000}
{"@timestamp":"2026-01-19T20:52:15.583+01:00","@version":"1","message":"Application is starting up...","logger_name":"technical","thread_name":"Test worker","level":"INFO","level_value":20000}
{"@timestamp":"2026-01-19T20:52:15.606+01:00","@version":"1","message":"AUTHENTICATION PROVIDER CONFIGURED","logger_name":"technical","thread_name":"Test worker","level":"INFO","level_value":20000}
{"@timestamp":"2026-01-19T20:52:15.614+01:00","@version":"1","message":"BUILDING SPRING SECURITY FILTER CHAIN","logger_name":"technical","thread_name":"Test worker","level":"INFO","level_value":20000}
{"@timestamp":"2026-01-19T20:52:16.829+01:00","@version":"1","message":"PASSWORD ENCODER CONFIGURED: DelegatingPasswordEncoder","logger_name":"technical","thread_name":"Test worker","level":"INFO","level_value":20000}
{"@timestamp":"2026-01-19T20:52:16.829+01:00","@version":"1","message":"Application is starting up...","logger_name":"technical","thread_name":"Test worker","level":"INFO","level_value":20000}
{"@timestamp":"2026-01-19T20:52:16.854+01:00","@version":"1","message":"AUTHENTICATION PROVIDER CONFIGURED","logger_name":"technical","thread_name":"Test worker","level":"INFO","level_value":20000}
{"@timestamp":"2026-01-19T20:52:16.862+01:00","@version":"1","message":"BUILDING SPRING SECURITY FILTER CHAIN","logger_name":"technical","thread_name":"Test worker","level":"INFO","level_value":20000}
{"@timestamp":"2026-01-19T20:52:18.155+01:00","@version":"1","message":"PASSWORD ENCODER CONFIGURED: DelegatingPasswordEncoder","logger_name":"technical","thread_name":"Test worker","level":"INFO","level_value":20000}
{"@timestamp":"2026-01-19T20:52:18.155+01:00","@version":"1","message":"Application is starting up...","logger_name":"technical","thread_name":"Test worker","level":"INFO","level_value":20000}
{"@timestamp":"2026-01-19T20:52:18.178+01:00","@version":"1","message":"AUTHENTICATION PROVIDER CONFIGURED","logger_name":"technical","thread_name":"Test worker","level":"INFO","level_value":20000}
{"@timestamp":"2026-01-19T20:52:18.187+01:00","@version":"1","message":"BUILDING SPRING SECURITY FILTER CHAIN","logger_name":"technical","thread_name":"Test worker","level":"INFO","level_value":20000}
{"@timestamp":"2026-01-19T20:52:19.476+01:00","@version":"1","message":"PASSWORD ENCODER CONFIGURED: DelegatingPasswordEncoder","logger_name":"technical","thread_name":"Test worker","level":"INFO","level_value":20000}
{"@timestamp":"2026-01-19T20:52:19.476+01:00","@version":"1","message":"Application is starting up...","logger_name":"technical","thread_name":"Test worker","level":"INFO","level_value":20000}
{"@timestamp":"2026-01-19T20:52:19.504+01:00","@version":"1","message":"AUTHENTICATION PROVIDER CONFIGURED","logger_name":"technical","thread_name":"Test worker","level":"INFO","level_value":20000}
{"@timestamp":"2026-01-19T20:52:19.512+01:00","@version":"1","message":"BUILDING SPRING SECURITY FILTER CHAIN","logger_name":"technical","thread_name":"Test worker","level":"INFO","level_value":20000}
{"@timestamp":"2026-01-19T20:52:20.766+01:00","@version":"1","message":"PASSWORD ENCODER CONFIGURED: DelegatingPasswordEncoder","logger_name":"technical","thread_name":"Test worker","level":"INFO","level_value":20000}
{"@timestamp":"2026-01-19T20:52:20.766+01:00","@version":"1","message":"Application is starting up...","logger_name":"technical","thread_name":"Test worker","level":"INFO","level_value":20000}
{"@timestamp":"2026-01-19T20:52:20.795+01:00","@version":"1","message":"AUTHENTICATION PROVIDER CONFIGURED","logger_name":"technical","thread_name":"Test worker","level":"INFO","level_value":20000}
{"@timestamp":"2026-01-19T20:52:20.803+01:00","@version":"1","message":"BUILDING SPRING SECURITY FILTER CHAIN","logger_name":"technical","thread_name":"Test worker","level":"INFO","level_value":20000}
{"@timestamp":"2026-01-19T20:52:22.068+01:00","@version":"1","message":"PASSWORD ENCODER CONFIGURED: DelegatingPasswordEncoder","logger_name":"technical","thread_name":"Test worker","level":"INFO","level_value":20000}
{"@timestamp":"2026-01-19T20:52:22.068+01:00","@version":"1","message":"Application is starting up...","logger_name":"technical","thread_name":"Test worker","level":"INFO","level_value":20000}
{"@timestamp":"2026-01-19T20:52:22.093+01:00","@version":"1","message":"AUTHENTICATION PROVIDER CONFIGURED","logger_name":"technical","thread_name":"Test worker","level":"INFO","level_value":20000}
{"@timestamp":"2026-01-19T20:52:22.101+01:00","@version":"1","message":"BUILDING SPRING SECURITY FILTER CHAIN","logger_name":"technical","thread_name":"Test worker","level":"INFO","level_value":20000}
{"@timestamp":"2026-01-19T20:52:23.424+01:00","@version":"1","message":"PASSWORD ENCODER CONFIGURED: DelegatingPasswordEncoder","logger_name":"technical","thread_name":"Test worker","level":"INFO","level_value":20000}
{"@timestamp":"2026-01-19T20:52:23.424+01:00","@version":"1","message":"Application is starting up...","logger_name":"technical","thread_name":"Test worker","level":"INFO","level_value":20000}
{"@timestamp":"2026-01-19T20:52:23.450+01:00","@version":"1","message":"AUTHENTICATION PROVIDER CONFIGURED","logger_name":"technical","thread_name":"Test worker","level":"INFO","level_value":20000}
{"@timestamp":"2026-01-19T20:52:23.458+01:00","@version":"1","message":"BUILDING SPRING SECURITY FILTER CHAIN","logger_name":"technical","thread_name":"Test worker","level":"INFO","level_value":20000}
{"@timestamp":"2026-01-19T20:52:24.846+01:00","@version":"1","message":"PASSWORD ENCODER CONFIGURED: DelegatingPasswordEncoder","logger_name":"technical","thread_name":"Test worker","level":"INFO","level_value":20000}
{"@timestamp":"2026-01-19T20:52:24.846+01:00","@version":"1","message":"Application is starting up...","logger_name":"technical","thread_name":"Test worker","level":"INFO","level_value":20000}
{"@timestamp":"2026-01-19T20:52:24.870+01:00","@version":"1","message":"AUTHENTICATION PROVIDER CONFIGURED","logger_name":"technical","thread_name":"Test worker","level":"INFO","level_value":20000}
{"@timestamp":"2026-01-19T20:52:24.878+01:00","@version":"1","message":"BUILDING SPRING SECURITY FILTER CHAIN","logger_name":"technical","thread_name":"Test worker","level":"INFO","level_value":20000}
{"@timestamp":"2026-01-19T20:52:26.222+01:00","@version":"1","message":"PASSWORD ENCODER CONFIGURED: DelegatingPasswordEncoder","logger_name":"technical","thread_name":"Test worker","level":"INFO","level_value":20000}
{"@timestamp":"2026-01-19T20:52:26.223+01:00","@version":"1","message":"Application is starting up...","logger_name":"technical","thread_name":"Test worker","level":"INFO","level_value":20000}
{"@timestamp":"2026-01-19T20:52:26.256+01:00","@version":"1","message":"AUTHENTICATION PROVIDER CONFIGURED","logger_name":"technical","thread_name":"Test worker","level":"INFO","level_value":20000}
{"@timestamp":"2026-01-19T20:52:26.264+01:00","@version":"1","message":"BUILDING SPRING SECURITY FILTER CHAIN","logger_name":"technical","thread_name":"Test worker","level":"INFO","level_value":20000}
{"@timestamp":"2026-01-19T20:52:27.654+01:00","@version":"1","message":"PASSWORD ENCODER CONFIGURED: DelegatingPasswordEncoder","logger_name":"technical","thread_name":"Test worker","level":"INFO","level_value":20000}
{"@timestamp":"2026-01-19T20:52:27.654+01:00","@version":"1","message":"Application is starting up...","logger_name":"technical","thread_name":"Test worker","level":"INFO","level_value":20000}
{"@timestamp":"2026-01-19T20:52:27.682+01:00","@version":"1","message":"AUTHENTICATION PROVIDER CONFIGURED","logger_name":"technical","thread_name":"Test worker","level":"INFO","level_value":20000}
{"@timestamp":"2026-01-19T20:52:27.699+01:00","@version":"1","message":"BUILDING SPRING SECURITY FILTER CHAIN","logger_name":"technical","thread_name":"Test worker","level":"INFO","level_value":20000}
{"@timestamp":"2026-01-19T20:52:28.998+01:00","@version":"1","message":"PASSWORD ENCODER CONFIGURED: DelegatingPasswordEncoder","logger_name":"technical","thread_name":"Test worker","level":"INFO","level_value":20000}
{"@timestamp":"2026-01-19T20:52:28.998+01:00","@version":"1","message":"Application is starting up...","logger_name":"technical","thread_name":"Test worker","level":"INFO","level_value":20000}
{"@timestamp":"2026-01-19T20:52:29.028+01:00","@version":"1","message":"AUTHENTICATION PROVIDER CONFIGURED","logger_name":"technical","thread_name":"Test worker","level":"INFO","level_value":20000}
{"@timestamp":"2026-01-19T20:52:29.037+01:00","@version":"1","message":"BUILDING SPRING SECURITY FILTER CHAIN","logger_name":"technical","thread_name":"Test worker","level":"INFO","level_value":20000}
{"@timestamp":"2026-01-19T20:52:30.396+01:00","@version":"1","message":"PASSWORD ENCODER CONFIGURED: DelegatingPasswordEncoder","logger_name":"technical","thread_name":"Test worker","level":"INFO","level_value":20000}
{"@timestamp":"2026-01-19T20:52:30.397+01:00","@version":"1","message":"Application is starting up...","logger_name":"technical","thread_name":"Test worker","level":"INFO","level_value":20000}
{"@timestamp":"2026-01-19T20:52:30.438+01:00","@version":"1","message":"AUTHENTICATION PROVIDER CONFIGURED","logger_name":"technical","thread_name":"Test worker","level":"INFO","level_value":20000}
{"@timestamp":"2026-01-19T20:52:30.448+01:00","@version":"1","message":"BUILDING SPRING SECURITY FILTER CHAIN","logger_name":"technical","thread_name":"Test worker","level":"INFO","level_value":20000}
{"@timestamp":"2026-01-19T20:52:31.790+01:00","@version":"1","message":"PASSWORD ENCODER CONFIGURED: DelegatingPasswordEncoder","logger_name":"technical","thread_name":"Test worker","level":"INFO","level_value":20000}
{"@timestamp":"2026-01-19T20:52:31.791+01:00","@version":"1","message":"Application is starting up...","logger_name":"technical","thread_name":"Test worker","level":"INFO","level_value":20000}
{"@timestamp":"2026-01-19T20:52:31.812+01:00","@version":"1","message":"AUTHENTICATION PROVIDER CONFIGURED","logger_name":"technical","thread_name":"Test worker","level":"INFO","level_value":20000}
{"@timestamp":"2026-01-19T20:52:31.820+01:00","@version":"1","message":"BUILDING SPRING SECURITY FILTER CHAIN","logger_name":"technical","thread_name":"Test worker","level":"INFO","level_value":20000}
{"@timestamp":"2026-01-19T20:52:32.713+01:00","@version":"1","message":"ERROR in listAppointments cause=could not execute statement; SQL [n/a]; constraint [\"PRIMARY KEY ON PUBLIC.SP_AUDIT_LOG(ID) ( /* key:1 */ CAST(1 AS BIGINT), 'LOGIN', 'Connexion', '192.168.1.100', '1', 'USER', TIMESTAMP '2025-12-20 20:52:32.248', CAST(1 AS BIGINT))\"; SQL statement:\n/* insert com.reynaud.poseuralert.model.AuditLogEntity */ insert into sp_audit_log (action, details, ip_address, professional_id, resource_id, res [23505-214]]; nested exception is org.hibernate.exception.ConstraintViolationException: could not execute statement","logger_name":"technical","thread_name":"Test worker","level":"ERROR","level_value":40000}
{"@timestamp":"2026-01-19T20:52:33.192+01:00","@version":"1","message":"PASSWORD ENCODER CONFIGURED: DelegatingPasswordEncoder","logger_name":"technical","thread_name":"Test worker","level":"INFO","level_value":20000}
{"@timestamp":"2026-01-19T20:52:33.192+01:00","@version":"1","message":"Application is starting up...","logger_name":"technical","thread_name":"Test worker","level":"INFO","level_value":20000}
{"@timestamp":"2026-01-19T20:52:33.217+01:00","@version":"1","message":"AUTHENTICATION PROVIDER CONFIGURED","logger_name":"technical","thread_name":"Test worker","level":"INFO","level_value":20000}
{"@timestamp":"2026-01-19T20:52:33.225+01:00","@version":"1","message":"BUILDING SPRING SECURITY FILTER CHAIN","logger_name":"technical","thread_name":"Test worker","level":"INFO","level_value":20000}
{"@timestamp":"2026-01-19T20:52:36.543+01:00","@version":"1","message":"PASSWORD ENCODER CONFIGURED: DelegatingPasswordEncoder","logger_name":"technical","thread_name":"Test worker","level":"INFO","level_value":20000}
{"@timestamp":"2026-01-19T20:52:36.543+01:00","@version":"1","message":"Application is starting up...","logger_name":"technical","thread_name":"Test worker","level":"INFO","level_value":20000}
{"@timestamp":"2026-01-19T20:52:36.575+01:00","@version":"1","message":"AUTHENTICATION PROVIDER CONFIGURED","logger_name":"technical","thread_name":"Test worker","level":"INFO","level_value":20000}
{"@timestamp":"2026-01-19T20:52:36.583+01:00","@version":"1","message":"BUILDING SPRING SECURITY FILTER CHAIN","logger_name":"technical","thread_name":"Test worker","level":"INFO","level_value":20000}
{"@timestamp":"2026-01-19T20:52:37.166+01:00","@version":"1","message":"VERIFIED USER PERSISTENCE email=workflow.health@test.com sector=HEALTH_PROFESSIONAL ","logger_name":"technical","thread_name":"Test worker","level":"INFO","level_value":20000}
{"@timestamp":"2026-01-19T20:52:37.589+01:00","@version":"1","message":"PASSWORD ENCODER CONFIGURED: DelegatingPasswordEncoder","logger_name":"technical","thread_name":"Test worker","level":"INFO","level_value":20000}
{"@timestamp":"2026-01-19T20:52:37.590+01:00","@version":"1","message":"Application is starting up...","logger_name":"technical","thread_name":"Test worker","level":"INFO","level_value":20000}
{"@timestamp":"2026-01-19T20:52:37.621+01:00","@version":"1","message":"AUTHENTICATION PROVIDER CONFIGURED","logger_name":"technical","thread_name":"Test worker","level":"INFO","level_value":20000}
{"@timestamp":"2026-01-19T20:52:37.629+01:00","@version":"1","message":"BUILDING SPRING SECURITY FILTER CHAIN","logger_name":"technical","thread_name":"Test worker","level":"INFO","level_value":20000}
{"@timestamp":"2026-01-19T20:52:38.698+01:00","@version":"1","message":"PASSWORD ENCODER CONFIGURED: DelegatingPasswordEncoder","logger_name":"technical","thread_name":"Test worker","level":"INFO","level_value":20000}
{"@timestamp":"2026-01-19T20:52:38.698+01:00","@version":"1","message":"Application is starting up...","logger_name":"technical","thread_name":"Test worker","level":"INFO","level_value":20000}
{"@timestamp":"2026-01-19T20:52:38.724+01:00","@version":"1","message":"AUTHENTICATION PROVIDER CONFIGURED","logger_name":"technical","thread_name":"Test worker","level":"INFO","level_value":20000}
{"@timestamp":"2026-01-19T20:52:38.733+01:00","@version":"1","message":"BUILDING SPRING SECURITY FILTER CHAIN","logger_name":"technical","thread_name":"Test worker","level":"INFO","level_value":20000}
{"@timestamp":"2026-01-19T20:52:39.372+01:00","@version":"1","message":"VERIFIED USER PERSISTENCE email=labeltest0@test.com sector=RESTAURANT ","logger_name":"technical","thread_name":"Test worker","level":"INFO","level_value":20000}
{"@timestamp":"2026-01-19T20:52:39.842+01:00","@version":"1","message":"PASSWORD ENCODER CONFIGURED: DelegatingPasswordEncoder","logger_name":"technical","thread_name":"Test worker","level":"INFO","level_value":20000}
{"@timestamp":"2026-01-19T20:52:39.843+01:00","@version":"1","message":"Application is starting up...","logger_name":"technical","thread_name":"Test worker","level":"INFO","level_value":20000}
{"@timestamp":"2026-01-19T20:52:39.866+01:00","@version":"1","message":"AUTHENTICATION PROVIDER CONFIGURED","logger_name":"technical","thread_name":"Test worker","level":"INFO","level_value":20000}
{"@timestamp":"2026-01-19T20:52:39.875+01:00","@version":"1","message":"BUILDING SPRING SECURITY FILTER CHAIN","logger_name":"technical","thread_name":"Test worker","level":"INFO","level_value":20000}
{"@timestamp":"2026-01-19T20:52:40.485+01:00","@version":"1","message":"VERIFIED USER PERSISTENCE email=workflow.restaurant@test.com sector=RESTAURANT ","logger_name":"technical","thread_name":"Test worker","level":"INFO","level_value":20000}
{"@timestamp":"2026-01-19T20:52:40.895+01:00","@version":"1","message":"PASSWORD ENCODER CONFIGURED: DelegatingPasswordEncoder","logger_name":"technical","thread_name":"Test worker","level":"INFO","level_value":20000}
{"@timestamp":"2026-01-19T20:52:40.895+01:00","@version":"1","message":"Application is starting up...","logger_name":"technical","thread_name":"Test worker","level":"INFO","level_value":20000}
{"@timestamp":"2026-01-19T20:52:40.923+01:00","@version":"1","message":"AUTHENTICATION PROVIDER CONFIGURED","logger_name":"technical","thread_name":"Test worker","level":"INFO","level_value":20000}
{"@timestamp":"2026-01-19T20:52:40.931+01:00","@version":"1","message":"BUILDING SPRING SECURITY FILTER CHAIN","logger_name":"technical","thread_name":"Test worker","level":"INFO","level_value":20000}
{"@timestamp":"2026-01-19T20:54:04.857+01:00","@version":"1","message":"PASSWORD ENCODER CONFIGURED: DelegatingPasswordEncoder","logger_name":"technical","thread_name":"Test worker","level":"INFO","level_value":20000}
{"@timestamp":"2026-01-19T20:54:04.858+01:00","@version":"1","message":"Application is starting up...","logger_name":"technical","thread_name":"Test worker","level":"INFO","level_value":20000}
{"@timestamp":"2026-01-19T20:54:04.943+01:00","@version":"1","message":"AUTHENTICATION PROVIDER CONFIGURED","logger_name":"technical","thread_name":"Test worker","level":"INFO","level_value":20000}
{"@timestamp":"2026-01-19T20:54:04.998+01:00","@version":"1","message":"BUILDING SPRING SECURITY FILTER CHAIN","logger_name":"technical","thread_name":"Test worker","level":"INFO","level_value":20000}
{"@timestamp":"2026-01-19T20:55:23.680+01:00","@version":"1","message":"PASSWORD ENCODER CONFIGURED: DelegatingPasswordEncoder","logger_name":"technical","thread_name":"Test worker","level":"INFO","level_value":20000}
{"@timestamp":"2026-01-19T20:55:23.680+01:00","@version":"1","message":"Application is starting up...","logger_name":"technical","thread_name":"Test worker","level":"INFO","level_value":20000}
{"@timestamp":"2026-01-19T20:55:23.765+01:00","@version":"1","message":"AUTHENTICATION PROVIDER CONFIGURED","logger_name":"technical","thread_name":"Test worker","level":"INFO","level_value":20000}
{"@timestamp":"2026-01-19T20:55:23.820+01:00","@version":"1","message":"BUILDING SPRING SECURITY FILTER CHAIN","logger_name":"technical","thread_name":"Test worker","level":"INFO","level_value":20000}
{"@timestamp":"2026-01-19T20:57:17.613+01:00","@version":"1","message":"PASSWORD ENCODER CONFIGURED: DelegatingPasswordEncoder","logger_name":"technical","thread_name":"Test worker","level":"INFO","level_value":20000}
{"@timestamp":"2026-01-19T20:57:17.614+01:00","@version":"1","message":"Application is starting up...","logger_name":"technical","thread_name":"Test worker","level":"INFO","level_value":20000}
{"@timestamp":"2026-01-19T20:57:17.703+01:00","@version":"1","message":"AUTHENTICATION PROVIDER CONFIGURED","logger_name":"technical","thread_name":"Test worker","level":"INFO","level_value":20000}
{"@timestamp":"2026-01-19T20:57:17.752+01:00","@version":"1","message":"BUILDING SPRING SECURITY FILTER CHAIN","logger_name":"technical","thread_name":"Test worker","level":"INFO","level_value":20000}
{"@timestamp":"2026-01-19T20:57:37.939+01:00","@version":"1","message":"PASSWORD ENCODER CONFIGURED: DelegatingPasswordEncoder","logger_name":"technical","thread_name":"Test worker","level":"INFO","level_value":20000}
{"@timestamp":"2026-01-19T20:57:37.939+01:00","@version":"1","message":"Application is starting up...","logger_name":"technical","thread_name":"Test worker","level":"INFO","level_value":20000}
{"@timestamp":"2026-01-19T20:57:38.028+01:00","@version":"1","message":"AUTHENTICATION PROVIDER CONFIGURED","logger_name":"technical","thread_name":"Test worker","level":"INFO","level_value":20000}
{"@timestamp":"2026-01-19T20:57:38.090+01:00","@version":"1","message":"BUILDING SPRING SECURITY FILTER CHAIN","logger_name":"technical","thread_name":"Test worker","level":"INFO","level_value":20000}
{"@timestamp":"2026-01-19T20:57:40.187+01:00","@version":"1","message":"PASSWORD ENCODER CONFIGURED: DelegatingPasswordEncoder","logger_name":"technical","thread_name":"Test worker","level":"INFO","level_value":20000}
{"@timestamp":"2026-01-19T20:57:40.187+01:00","@version":"1","message":"Application is starting up...","logger_name":"technical","thread_name":"Test worker","level":"INFO","level_value":20000}
{"@timestamp":"2026-01-19T20:57:40.222+01:00","@version":"1","message":"AUTHENTICATION PROVIDER CONFIGURED","logger_name":"technical","thread_name":"Test worker","level":"INFO","level_value":20000}
{"@timestamp":"2026-01-19T20:57:40.233+01:00","@version":"1","message":"BUILDING SPRING SECURITY FILTER CHAIN","logger_name":"technical","thread_name":"Test worker","level":"INFO","level_value":20000}
{"@timestamp":"2026-01-19T20:57:41.915+01:00","@version":"1","message":"PASSWORD ENCODER CONFIGURED: DelegatingPasswordEncoder","logger_name":"technical","thread_name":"Test worker","level":"INFO","level_value":20000}
{"@timestamp":"2026-01-19T20:57:41.915+01:00","@version":"1","message":"Application is starting up...","logger_name":"technical","thread_name":"Test worker","level":"INFO","level_value":20000}
{"@timestamp":"2026-01-19T20:57:41.963+01:00","@version":"1","message":"AUTHENTICATION PROVIDER CONFIGURED","logger_name":"technical","thread_name":"Test worker","level":"INFO","level_value":20000}
{"@timestamp":"2026-01-19T20:57:41.978+01:00","@version":"1","message":"BUILDING SPRING SECURITY FILTER CHAIN","logger_name":"technical","thread_name":"Test worker","level":"INFO","level_value":20000}
{"@timestamp":"2026-01-19T20:57:43.499+01:00","@version":"1","message":"PASSWORD ENCODER CONFIGURED: DelegatingPasswordEncoder","logger_name":"technical","thread_name":"Test worker","level":"INFO","level_value":20000}
{"@timestamp":"2026-01-19T20:57:43.499+01:00","@version":"1","message":"Application is starting up...","logger_name":"technical","thread_name":"Test worker","level":"INFO","level_value":20000}
{"@timestamp":"2026-01-19T20:57:43.537+01:00","@version":"1","message":"AUTHENTICATION PROVIDER CONFIGURED","logger_name":"technical","thread_name":"Test worker","level":"INFO","level_value":20000}
{"@timestamp":"2026-01-19T20:57:43.546+01:00","@version":"1","message":"BUILDING SPRING SECURITY FILTER CHAIN","logger_name":"technical","thread_name":"Test worker","level":"INFO","level_value":20000}
{"@timestamp":"2026-01-19T20:57:45.086+01:00","@version":"1","message":"PASSWORD ENCODER CONFIGURED: DelegatingPasswordEncoder","logger_name":"technical","thread_name":"Test worker","level":"INFO","level_value":20000}
{"@timestamp":"2026-01-19T20:57:45.086+01:00","@version":"1","message":"Application is starting up...","logger_name":"technical","thread_name":"Test worker","level":"INFO","level_value":20000}
{"@timestamp":"2026-01-19T20:57:45.117+01:00","@version":"1","message":"AUTHENTICATION PROVIDER CONFIGURED","logger_name":"technical","thread_name":"Test worker","level":"INFO","level_value":20000}
{"@timestamp":"2026-01-19T20:57:45.127+01:00","@version":"1","message":"BUILDING SPRING SECURITY FILTER CHAIN","logger_name":"technical","thread_name":"Test worker","level":"INFO","level_value":20000}
{"@timestamp":"2026-01-19T20:57:46.415+01:00","@version":"1","message":"PASSWORD ENCODER CONFIGURED: DelegatingPasswordEncoder","logger_name":"technical","thread_name":"Test worker","level":"INFO","level_value":20000}
{"@timestamp":"2026-01-19T20:57:46.416+01:00","@version":"1","message":"Application is starting up...","logger_name":"technical","thread_name":"Test worker","level":"INFO","level_value":20000}
{"@timestamp":"2026-01-19T20:57:46.449+01:00","@version":"1","message":"AUTHENTICATION PROVIDER CONFIGURED","logger_name":"technical","thread_name":"Test worker","level":"INFO","level_value":20000}
{"@timestamp":"2026-01-19T20:57:46.460+01:00","@version":"1","message":"BUILDING SPRING SECURITY FILTER CHAIN","logger_name":"technical","thread_name":"Test worker","level":"INFO","level_value":20000}
{"@timestamp":"2026-01-19T20:57:47.781+01:00","@version":"1","message":"PASSWORD ENCODER CONFIGURED: DelegatingPasswordEncoder","logger_name":"technical","thread_name":"Test worker","level":"INFO","level_value":20000}
{"@timestamp":"2026-01-19T20:57:47.781+01:00","@version":"1","message":"Application is starting up...","logger_name":"technical","thread_name":"Test worker","level":"INFO","level_value":20000}
{"@timestamp":"2026-01-19T20:57:47.816+01:00","@version":"1","message":"AUTHENTICATION PROVIDER CONFIGURED","logger_name":"technical","thread_name":"Test worker","level":"INFO","level_value":20000}
{"@timestamp":"2026-01-19T20:57:47.826+01:00","@version":"1","message":"BUILDING SPRING SECURITY FILTER CHAIN","logger_name":"technical","thread_name":"Test worker","level":"INFO","level_value":20000}
{"@timestamp":"2026-01-19T20:57:49.166+01:00","@version":"1","message":"PASSWORD ENCODER CONFIGURED: DelegatingPasswordEncoder","logger_name":"technical","thread_name":"Test worker","level":"INFO","level_value":20000}
{"@timestamp":"2026-01-19T20:57:49.166+01:00","@version":"1","message":"Application is starting up...","logger_name":"technical","thread_name":"Test worker","level":"INFO","level_value":20000}
{"@timestamp":"2026-01-19T20:57:49.210+01:00","@version":"1","message":"AUTHENTICATION PROVIDER CONFIGURED","logger_name":"technical","thread_name":"Test worker","level":"INFO","level_value":20000}
{"@timestamp":"2026-01-19T20:57:49.224+01:00","@version":"1","message":"BUILDING SPRING SECURITY FILTER CHAIN","logger_name":"technical","thread_name":"Test worker","level":"INFO","level_value":20000}
{"@timestamp":"2026-01-19T20:57:50.466+01:00","@version":"1","message":"PASSWORD ENCODER CONFIGURED: DelegatingPasswordEncoder","logger_name":"technical","thread_name":"Test worker","level":"INFO","level_value":20000}
{"@timestamp":"2026-01-19T20:57:50.466+01:00","@version":"1","message":"Application is starting up...","logger_name":"technical","thread_name":"Test worker","level":"INFO","level_value":20000}
{"@timestamp":"2026-01-19T20:57:50.496+01:00","@version":"1","message":"AUTHENTICATION PROVIDER CONFIGURED","logger_name":"technical","thread_name":"Test worker","level":"INFO","level_value":20000}
{"@timestamp":"2026-01-19T20:57:50.505+01:00","@version":"1","message":"BUILDING SPRING SECURITY FILTER CHAIN","logger_name":"technical","thread_name":"Test worker","level":"INFO","level_value":20000}
{"@timestamp":"2026-01-19T20:57:52.245+01:00","@version":"1","message":"PASSWORD ENCODER CONFIGURED: DelegatingPasswordEncoder","logger_name":"technical","thread_name":"Test worker","level":"INFO","level_value":20000}
{"@timestamp":"2026-01-19T20:57:52.245+01:00","@version":"1","message":"Application is starting up...","logger_name":"technical","thread_name":"Test worker","level":"INFO","level_value":20000}
{"@timestamp":"2026-01-19T20:57:52.274+01:00","@version":"1","message":"AUTHENTICATION PROVIDER CONFIGURED","logger_name":"technical","thread_name":"Test worker","level":"INFO","level_value":20000}
{"@timestamp":"2026-01-19T20:57:52.283+01:00","@version":"1","message":"BUILDING SPRING SECURITY FILTER CHAIN","logger_name":"technical","thread_name":"Test worker","level":"INFO","level_value":20000}
{"@timestamp":"2026-01-19T20:57:53.476+01:00","@version":"1","message":"PASSWORD ENCODER CONFIGURED: DelegatingPasswordEncoder","logger_name":"technical","thread_name":"Test worker","level":"INFO","level_value":20000}
{"@timestamp":"2026-01-19T20:57:53.477+01:00","@version":"1","message":"Application is starting up...","logger_name":"technical","thread_name":"Test worker","level":"INFO","level_value":20000}
{"@timestamp":"2026-01-19T20:57:53.511+01:00","@version":"1","message":"AUTHENTICATION PROVIDER CONFIGURED","logger_name":"technical","thread_name":"Test worker","level":"INFO","level_value":20000}
{"@timestamp":"2026-01-19T20:57:53.519+01:00","@version":"1","message":"BUILDING SPRING SECURITY FILTER CHAIN","logger_name":"technical","thread_name":"Test worker","level":"INFO","level_value":20000}
{"@timestamp":"2026-01-19T20:57:54.682+01:00","@version":"1","message":"PASSWORD ENCODER CONFIGURED: DelegatingPasswordEncoder","logger_name":"technical","thread_name":"Test worker","level":"INFO","level_value":20000}
{"@timestamp":"2026-01-19T20:57:54.682+01:00","@version":"1","message":"Application is starting up...","logger_name":"technical","thread_name":"Test worker","level":"INFO","level_value":20000}
{"@timestamp":"2026-01-19T20:57:54.710+01:00","@version":"1","message":"AUTHENTICATION PROVIDER CONFIGURED","logger_name":"technical","thread_name":"Test worker","level":"INFO","level_value":20000}
{"@timestamp":"2026-01-19T20:57:54.720+01:00","@version":"1","message":"BUILDING SPRING SECURITY FILTER CHAIN","logger_name":"technical","thread_name":"Test worker","level":"INFO","level_value":20000}
{"@timestamp":"2026-01-19T20:57:55.824+01:00","@version":"1","message":"PASSWORD ENCODER CONFIGURED: DelegatingPasswordEncoder","logger_name":"technical","thread_name":"Test worker","level":"INFO","level_value":20000}
{"@timestamp":"2026-01-19T20:57:55.825+01:00","@version":"1","message":"Application is starting up...","logger_name":"technical","thread_name":"Test worker","level":"INFO","level_value":20000}
{"@timestamp":"2026-01-19T20:57:55.855+01:00","@version":"1","message":"AUTHENTICATION PROVIDER CONFIGURED","logger_name":"technical","thread_name":"Test worker","level":"INFO","level_value":20000}
{"@timestamp":"2026-01-19T20:57:55.864+01:00","@version":"1","message":"BUILDING SPRING SECURITY FILTER CHAIN","logger_name":"technical","thread_name":"Test worker","level":"INFO","level_value":20000}
{"@timestamp":"2026-01-19T20:57:56.838+01:00","@version":"1","message":"PASSWORD ENCODER CONFIGURED: DelegatingPasswordEncoder","logger_name":"technical","thread_name":"Test worker","level":"INFO","level_value":20000}
{"@timestamp":"2026-01-19T20:57:56.838+01:00","@version":"1","message":"Application is starting up...","logger_name":"technical","thread_name":"Test worker","level":"INFO","level_value":20000}
{"@timestamp":"2026-01-19T20:57:56.872+01:00","@version":"1","message":"AUTHENTICATION PROVIDER CONFIGURED","logger_name":"technical","thread_name":"Test worker","level":"INFO","level_value":20000}
{"@timestamp":"2026-01-19T20:57:56.881+01:00","@version":"1","message":"BUILDING SPRING SECURITY FILTER CHAIN","logger_name":"technical","thread_name":"Test worker","level":"INFO","level_value":20000}
{"@timestamp":"2026-01-19T20:57:57.920+01:00","@version":"1","message":"PASSWORD ENCODER CONFIGURED: DelegatingPasswordEncoder","logger_name":"technical","thread_name":"Test worker","level":"INFO","level_value":20000}
{"@timestamp":"2026-01-19T20:57:57.921+01:00","@version":"1","message":"Application is starting up...","logger_name":"technical","thread_name":"Test worker","level":"INFO","level_value":20000}
{"@timestamp":"2026-01-19T20:57:57.957+01:00","@version":"1","message":"AUTHENTICATION PROVIDER CONFIGURED","logger_name":"technical","thread_name":"Test worker","level":"INFO","level_value":20000}
{"@timestamp":"2026-01-19T20:57:57.971+01:00","@version":"1","message":"BUILDING SPRING SECURITY FILTER CHAIN","logger_name":"technical","thread_name":"Test worker","level":"INFO","level_value":20000}
{"@timestamp":"2026-01-19T20:57:59.988+01:00","@version":"1","message":"PASSWORD ENCODER CONFIGURED: DelegatingPasswordEncoder","logger_name":"technical","thread_name":"Test worker","level":"INFO","level_value":20000}
{"@timestamp":"2026-01-19T20:57:59.988+01:00","@version":"1","message":"Application is starting up...","logger_name":"technical","thread_name":"Test worker","level":"INFO","level_value":20000}
{"@timestamp":"2026-01-19T20:58:00.029+01:00","@version":"1","message":"AUTHENTICATION PROVIDER CONFIGURED","logger_name":"technical","thread_name":"Test worker","level":"INFO","level_value":20000}
{"@timestamp":"2026-01-19T20:58:00.037+01:00","@version":"1","message":"BUILDING SPRING SECURITY FILTER CHAIN","logger_name":"technical","thread_name":"Test worker","level":"INFO","level_value":20000}
{"@timestamp":"2026-01-19T20:58:01.389+01:00","@version":"1","message":"PASSWORD ENCODER CONFIGURED: DelegatingPasswordEncoder","logger_name":"technical","thread_name":"Test worker","level":"INFO","level_value":20000}
{"@timestamp":"2026-01-19T20:58:01.390+01:00","@version":"1","message":"Application is starting up...","logger_name":"technical","thread_name":"Test worker","level":"INFO","level_value":20000}
{"@timestamp":"2026-01-19T20:58:01.415+01:00","@version":"1","message":"AUTHENTICATION PROVIDER CONFIGURED","logger_name":"technical","thread_name":"Test worker","level":"INFO","level_value":20000}
{"@timestamp":"2026-01-19T20:58:01.422+01:00","@version":"1","message":"BUILDING SPRING SECURITY FILTER CHAIN","logger_name":"technical","thread_name":"Test worker","level":"INFO","level_value":20000}
{"@timestamp":"2026-01-19T20:58:02.746+01:00","@version":"1","message":"PASSWORD ENCODER CONFIGURED: DelegatingPasswordEncoder","logger_name":"technical","thread_name":"Test worker","level":"INFO","level_value":20000}
{"@timestamp":"2026-01-19T20:58:02.746+01:00","@version":"1","message":"Application is starting up...","logger_name":"technical","thread_name":"Test worker","level":"INFO","level_value":20000}
{"@timestamp":"2026-01-19T20:58:02.776+01:00","@version":"1","message":"AUTHENTICATION PROVIDER CONFIGURED","logger_name":"technical","thread_name":"Test worker","level":"INFO","level_value":20000}
{"@timestamp":"2026-01-19T20:58:02.786+01:00","@version":"1","message":"BUILDING SPRING SECURITY FILTER CHAIN","logger_name":"technical","thread_name":"Test worker","level":"INFO","level_value":20000}
{"@timestamp":"2026-01-19T20:58:04.155+01:00","@version":"1","message":"PASSWORD ENCODER CONFIGURED: DelegatingPasswordEncoder","logger_name":"technical","thread_name":"Test worker","level":"INFO","level_value":20000}
{"@timestamp":"2026-01-19T20:58:04.156+01:00","@version":"1","message":"Application is starting up...","logger_name":"technical","thread_name":"Test worker","level":"INFO","level_value":20000}
{"@timestamp":"2026-01-19T20:58:04.183+01:00","@version":"1","message":"AUTHENTICATION PROVIDER CONFIGURED","logger_name":"technical","thread_name":"Test worker","level":"INFO","level_value":20000}
{"@timestamp":"2026-01-19T20:58:04.191+01:00","@version":"1","message":"BUILDING SPRING SECURITY FILTER CHAIN","logger_name":"technical","thread_name":"Test worker","level":"INFO","level_value":20000}
{"@timestamp":"2026-01-19T20:58:05.515+01:00","@version":"1","message":"PASSWORD ENCODER CONFIGURED: DelegatingPasswordEncoder","logger_name":"technical","thread_name":"Test worker","level":"INFO","level_value":20000}
{"@timestamp":"2026-01-19T20:58:05.515+01:00","@version":"1","message":"Application is starting up...","logger_name":"technical","thread_name":"Test worker","level":"INFO","level_value":20000}
{"@timestamp":"2026-01-19T20:58:05.542+01:00","@version":"1","message":"AUTHENTICATION PROVIDER CONFIGURED","logger_name":"technical","thread_name":"Test worker","level":"INFO","level_value":20000}
{"@timestamp":"2026-01-19T20:58:05.550+01:00","@version":"1","message":"BUILDING SPRING SECURITY FILTER CHAIN","logger_name":"technical","thread_name":"Test worker","level":"INFO","level_value":20000}
{"@timestamp":"2026-01-19T20:58:06.841+01:00","@version":"1","message":"PASSWORD ENCODER CONFIGURED: DelegatingPasswordEncoder","logger_name":"technical","thread_name":"Test worker","level":"INFO","level_value":20000}
{"@timestamp":"2026-01-19T20:58:06.841+01:00","@version":"1","message":"Application is starting up...","logger_name":"technical","thread_name":"Test worker","level":"INFO","level_value":20000}
{"@timestamp":"2026-01-19T20:58:06.869+01:00","@version":"1","message":"AUTHENTICATION PROVIDER CONFIGURED","logger_name":"technical","thread_name":"Test worker","level":"INFO","level_value":20000}
{"@timestamp":"2026-01-19T20:58:06.878+01:00","@version":"1","message":"BUILDING SPRING SECURITY FILTER CHAIN","logger_name":"technical","thread_name":"Test worker","level":"INFO","level_value":20000}
{"@timestamp":"2026-01-19T20:58:08.735+01:00","@version":"1","message":"PASSWORD ENCODER CONFIGURED: DelegatingPasswordEncoder","logger_name":"technical","thread_name":"Test worker","level":"INFO","level_value":20000}
{"@timestamp":"2026-01-19T20:58:08.735+01:00","@version":"1","message":"Application is starting up...","logger_name":"technical","thread_name":"Test worker","level":"INFO","level_value":20000}
{"@timestamp":"2026-01-19T20:58:08.772+01:00","@version":"1","message":"AUTHENTICATION PROVIDER CONFIGURED","logger_name":"technical","thread_name":"Test worker","level":"INFO","level_value":20000}
{"@timestamp":"2026-01-19T20:58:08.782+01:00","@version":"1","message":"BUILDING SPRING SECURITY FILTER CHAIN","logger_name":"technical","thread_name":"Test worker","level":"INFO","level_value":20000}
{"@timestamp":"2026-01-19T20:58:10.385+01:00","@version":"1","message":"PASSWORD ENCODER CONFIGURED: DelegatingPasswordEncoder","logger_name":"technical","thread_name":"Test worker","level":"INFO","level_value":20000}
{"@timestamp":"2026-01-19T20:58:10.385+01:00","@version":"1","message":"Application is starting up...","logger_name":"technical","thread_name":"Test worker","level":"INFO","level_value":20000}
{"@timestamp":"2026-01-19T20:58:10.417+01:00","@version":"1","message":"AUTHENTICATION PROVIDER CONFIGURED","logger_name":"technical","thread_name":"Test worker","level":"INFO","level_value":20000}
{"@timestamp":"2026-01-19T20:58:10.426+01:00","@version":"1","message":"BUILDING SPRING SECURITY FILTER CHAIN","logger_name":"technical","thread_name":"Test worker","level":"INFO","level_value":20000}
{"@timestamp":"2026-01-19T20:58:11.823+01:00","@version":"1","message":"PASSWORD ENCODER CONFIGURED: DelegatingPasswordEncoder","logger_name":"technical","thread_name":"Test worker","level":"INFO","level_value":20000}
{"@timestamp":"2026-01-19T20:58:11.823+01:00","@version":"1","message":"Application is starting up...","logger_name":"technical","thread_name":"Test worker","level":"INFO","level_value":20000}
{"@timestamp":"2026-01-19T20:58:11.850+01:00","@version":"1","message":"AUTHENTICATION PROVIDER CONFIGURED","logger_name":"technical","thread_name":"Test worker","level":"INFO","level_value":20000}
{"@timestamp":"2026-01-19T20:58:11.860+01:00","@version":"1","message":"BUILDING SPRING SECURITY FILTER CHAIN","logger_name":"technical","thread_name":"Test worker","level":"INFO","level_value":20000}
{"@timestamp":"2026-01-19T20:58:13.258+01:00","@version":"1","message":"PASSWORD ENCODER CONFIGURED: DelegatingPasswordEncoder","logger_name":"technical","thread_name":"Test worker","level":"INFO","level_value":20000}
{"@timestamp":"2026-01-19T20:58:13.258+01:00","@version":"1","message":"Application is starting up...","logger_name":"technical","thread_name":"Test worker","level":"INFO","level_value":20000}
{"@timestamp":"2026-01-19T20:58:13.292+01:00","@version":"1","message":"AUTHENTICATION PROVIDER CONFIGURED","logger_name":"technical","thread_name":"Test worker","level":"INFO","level_value":20000}
{"@timestamp":"2026-01-19T20:58:13.302+01:00","@version":"1","message":"BUILDING SPRING SECURITY FILTER CHAIN","logger_name":"technical","thread_name":"Test worker","level":"INFO","level_value":20000}
{"@timestamp":"2026-01-19T20:58:14.663+01:00","@version":"1","message":"PASSWORD ENCODER CONFIGURED: DelegatingPasswordEncoder","logger_name":"technical","thread_name":"Test worker","level":"INFO","level_value":20000}
{"@timestamp":"2026-01-19T20:58:14.663+01:00","@version":"1","message":"Application is starting up...","logger_name":"technical","thread_name":"Test worker","level":"INFO","level_value":20000}
{"@timestamp":"2026-01-19T20:58:14.688+01:00","@version":"1","message":"AUTHENTICATION PROVIDER CONFIGURED","logger_name":"technical","thread_name":"Test worker","level":"INFO","level_value":20000}
{"@timestamp":"2026-01-19T20:58:14.698+01:00","@version":"1","message":"BUILDING SPRING SECURITY FILTER CHAIN","logger_name":"technical","thread_name":"Test worker","level":"INFO","level_value":20000}
{"@timestamp":"2026-01-19T20:58:16.057+01:00","@version":"1","message":"PASSWORD ENCODER CONFIGURED: DelegatingPasswordEncoder","logger_name":"technical","thread_name":"Test worker","level":"INFO","level_value":20000}
{"@timestamp":"2026-01-19T20:58:16.057+01:00","@version":"1","message":"Application is starting up...","logger_name":"technical","thread_name":"Test worker","level":"INFO","level_value":20000}
{"@timestamp":"2026-01-19T20:58:16.094+01:00","@version":"1","message":"AUTHENTICATION PROVIDER CONFIGURED","logger_name":"technical","thread_name":"Test worker","level":"INFO","level_value":20000}
{"@timestamp":"2026-01-19T20:58:16.103+01:00","@version":"1","message":"BUILDING SPRING SECURITY FILTER CHAIN","logger_name":"technical","thread_name":"Test worker","level":"INFO","level_value":20000}
{"@timestamp":"2026-01-19T20:58:17.518+01:00","@version":"1","message":"PASSWORD ENCODER CONFIGURED: DelegatingPasswordEncoder","logger_name":"technical","thread_name":"Test worker","level":"INFO","level_value":20000}
{"@timestamp":"2026-01-19T20:58:17.519+01:00","@version":"1","message":"Application is starting up...","logger_name":"technical","thread_name":"Test worker","level":"INFO","level_value":20000}
{"@timestamp":"2026-01-19T20:58:17.545+01:00","@version":"1","message":"AUTHENTICATION PROVIDER CONFIGURED","logger_name":"technical","thread_name":"Test worker","level":"INFO","level_value":20000}
{"@timestamp":"2026-01-19T20:58:17.553+01:00","@version":"1","message":"BUILDING SPRING SECURITY FILTER CHAIN","logger_name":"technical","thread_name":"Test worker","level":"INFO","level_value":20000}
{"@timestamp":"2026-01-19T20:58:18.925+01:00","@version":"1","message":"PASSWORD ENCODER CONFIGURED: DelegatingPasswordEncoder","logger_name":"technical","thread_name":"Test worker","level":"INFO","level_value":20000}
{"@timestamp":"2026-01-19T20:58:18.925+01:00","@version":"1","message":"Application is starting up...","logger_name":"technical","thread_name":"Test worker","level":"INFO","level_value":20000}
{"@timestamp":"2026-01-19T20:58:18.963+01:00","@version":"1","message":"AUTHENTICATION PROVIDER CONFIGURED","logger_name":"technical","thread_name":"Test worker","level":"INFO","level_value":20000}
{"@timestamp":"2026-01-19T20:58:18.973+01:00","@version":"1","message":"BUILDING SPRING SECURITY FILTER CHAIN","logger_name":"technical","thread_name":"Test worker","level":"INFO","level_value":20000}
{"@timestamp":"2026-01-19T20:58:20.440+01:00","@version":"1","message":"PASSWORD ENCODER CONFIGURED: DelegatingPasswordEncoder","logger_name":"technical","thread_name":"Test worker","level":"INFO","level_value":20000}
{"@timestamp":"2026-01-19T20:58:20.440+01:00","@version":"1","message":"Application is starting up...","logger_name":"technical","thread_name":"Test worker","level":"INFO","level_value":20000}
{"@timestamp":"2026-01-19T20:58:20.466+01:00","@version":"1","message":"AUTHENTICATION PROVIDER CONFIGURED","logger_name":"technical","thread_name":"Test worker","level":"INFO","level_value":20000}
{"@timestamp":"2026-01-19T20:58:20.474+01:00","@version":"1","message":"BUILDING SPRING SECURITY FILTER CHAIN","logger_name":"technical","thread_name":"Test worker","level":"INFO","level_value":20000}
{"@timestamp":"2026-01-19T20:58:21.348+01:00","@version":"1","message":"ERROR in listAppointments cause=could not execute statement; SQL [n/a]; constraint [\"PRIMARY KEY ON PUBLIC.SP_AUDIT_LOG(ID) ( /* key:1 */ CAST(1 AS BIGINT), 'LOGIN', 'Connexion', '192.168.1.100', '1', 'USER', TIMESTAMP '2025-12-20 20:58:20.914', CAST(1 AS BIGINT))\"; SQL statement:\n/* insert com.reynaud.poseuralert.model.AuditLogEntity */ insert into sp_audit_log (action, details, ip_address, professional_id, resource_id, res [23505-214]]; nested exception is org.hibernate.exception.ConstraintViolationException: could not execute statement","logger_name":"technical","thread_name":"Test worker","level":"ERROR","level_value":40000}
{"@timestamp":"2026-01-19T20:58:21.763+01:00","@version":"1","message":"PASSWORD ENCODER CONFIGURED: DelegatingPasswordEncoder","logger_name":"technical","thread_name":"Test worker","level":"INFO","level_value":20000}
{"@timestamp":"2026-01-19T20:58:21.763+01:00","@version":"1","message":"Application is starting up...","logger_name":"technical","thread_name":"Test worker","level":"INFO","level_value":20000}
{"@timestamp":"2026-01-19T20:58:21.798+01:00","@version":"1","message":"AUTHENTICATION PROVIDER CONFIGURED","logger_name":"technical","thread_name":"Test worker","level":"INFO","level_value":20000}
{"@timestamp":"2026-01-19T20:58:21.805+01:00","@version":"1","message":"BUILDING SPRING SECURITY FILTER CHAIN","logger_name":"technical","thread_name":"Test worker","level":"INFO","level_value":20000}
{"@timestamp":"2026-01-19T20:58:25.432+01:00","@version":"1","message":"PASSWORD ENCODER CONFIGURED: DelegatingPasswordEncoder","logger_name":"technical","thread_name":"Test worker","level":"INFO","level_value":20000}
{"@timestamp":"2026-01-19T20:58:25.432+01:00","@version":"1","message":"Application is starting up...","logger_name":"technical","thread_name":"Test worker","level":"INFO","level_value":20000}
{"@timestamp":"2026-01-19T20:58:25.460+01:00","@version":"1","message":"AUTHENTICATION PROVIDER CONFIGURED","logger_name":"technical","thread_name":"Test worker","level":"INFO","level_value":20000}
{"@timestamp":"2026-01-19T20:58:25.468+01:00","@version":"1","message":"BUILDING SPRING SECURITY FILTER CHAIN","logger_name":"technical","thread_name":"Test worker","level":"INFO","level_value":20000}
{"@timestamp":"2026-01-19T20:58:26.102+01:00","@version":"1","message":"VERIFIED USER PERSISTENCE email=workflow.health@test.com sector=HEALTH_PROFESSIONAL ","logger_name":"technical","thread_name":"Test worker","level":"INFO","level_value":20000}
{"@timestamp":"2026-01-19T20:58:26.604+01:00","@version":"1","message":"PASSWORD ENCODER CONFIGURED: DelegatingPasswordEncoder","logger_name":"technical","thread_name":"Test worker","level":"INFO","level_value":20000}
{"@timestamp":"2026-01-19T20:58:26.604+01:00","@version":"1","message":"Application is starting up...","logger_name":"technical","thread_name":"Test worker","level":"INFO","level_value":20000}
{"@timestamp":"2026-01-19T20:58:26.640+01:00","@version":"1","message":"AUTHENTICATION PROVIDER CONFIGURED","logger_name":"technical","thread_name":"Test worker","level":"INFO","level_value":20000}
{"@timestamp":"2026-01-19T20:58:26.651+01:00","@version":"1","message":"BUILDING SPRING SECURITY FILTER CHAIN","logger_name":"technical","thread_name":"Test worker","level":"INFO","level_value":20000}
{"@timestamp":"2026-01-19T20:58:27.854+01:00","@version":"1","message":"PASSWORD ENCODER CONFIGURED: DelegatingPasswordEncoder","logger_name":"technical","thread_name":"Test worker","level":"INFO","level_value":20000}
{"@timestamp":"2026-01-19T20:58:27.855+01:00","@version":"1","message":"Application is starting up...","logger_name":"technical","thread_name":"Test worker","level":"INFO","level_value":20000}
{"@timestamp":"2026-01-19T20:58:27.888+01:00","@version":"1","message":"AUTHENTICATION PROVIDER CONFIGURED","logger_name":"technical","thread_name":"Test worker","level":"INFO","level_value":20000}
{"@timestamp":"2026-01-19T20:58:27.899+01:00","@version":"1","message":"BUILDING SPRING SECURITY FILTER CHAIN","logger_name":"technical","thread_name":"Test worker","level":"INFO","level_value":20000}
{"@timestamp":"2026-01-19T20:58:28.565+01:00","@version":"1","message":"VERIFIED USER PERSISTENCE email=labeltest0@test.com sector=RESTAURANT ","logger_name":"technical","thread_name":"Test worker","level":"INFO","level_value":20000}
{"@timestamp":"2026-01-19T20:58:29.109+01:00","@version":"1","message":"PASSWORD ENCODER CONFIGURED: DelegatingPasswordEncoder","logger_name":"technical","thread_name":"Test worker","level":"INFO","level_value":20000}
{"@timestamp":"2026-01-19T20:58:29.110+01:00","@version":"1","message":"Application is starting up...","logger_name":"technical","thread_name":"Test worker","level":"INFO","level_value":20000}
{"@timestamp":"2026-01-19T20:58:29.142+01:00","@version":"1","message":"AUTHENTICATION PROVIDER CONFIGURED","logger_name":"technical","thread_name":"Test worker","level":"INFO","level_value":20000}
{"@timestamp":"2026-01-19T20:58:29.152+01:00","@version":"1","message":"BUILDING SPRING SECURITY FILTER CHAIN","logger_name":"technical","thread_name":"Test worker","level":"INFO","level_value":20000}
{"@timestamp":"2026-01-19T20:58:29.845+01:00","@version":"1","message":"VERIFIED USER PERSISTENCE email=workflow.restaurant@test.com sector=RESTAURANT ","logger_name":"technical","thread_name":"Test worker","level":"INFO","level_value":20000}
{"@timestamp":"2026-01-19T21:07:35.700+01:00","@version":"1","message":"PASSWORD ENCODER CONFIGURED: DelegatingPasswordEncoder","logger_name":"technical","thread_name":"main","level":"INFO","level_value":20000}
{"@timestamp":"2026-01-19T21:07:35.701+01:00","@version":"1","message":"Application is starting up...","logger_name":"technical","thread_name":"main","level":"INFO","level_value":20000}
{"@timestamp":"2026-01-19T21:07:35.796+01:00","@version":"1","message":"AUTHENTICATION PROVIDER CONFIGURED","logger_name":"technical","thread_name":"main","level":"INFO","level_value":20000}
{"@timestamp":"2026-01-19T21:07:35.848+01:00","@version":"1","message":"BUILDING SPRING SECURITY FILTER CHAIN","logger_name":"technical","thread_name":"main","level":"INFO","level_value":20000}
{"@timestamp":"2026-01-19T21:08:08.509+01:00","@version":"1","message":"UserDetails created for dr.martin@clinic.com","logger_name":"technical","thread_name":"http-nio-8080-exec-3","level":"INFO","level_value":20000}
{"@timestamp":"2026-01-19T21:08:08.571+01:00","@version":"1","message":"ERROR in listAppointments cause=could not execute statement; SQL [n/a]; constraint [\"PRIMARY KEY ON PUBLIC.SP_AUDIT_LOG(ID) ( /* key:1 */ CAST(1 AS BIGINT), 'LOGIN', 'Connexion', '192.168.1.100', '1', 'USER', TIMESTAMP '2025-12-20 21:07:36.742', CAST(1 AS BIGINT))\"; SQL statement:\n/* insert com.reynaud.poseuralert.model.AuditLogEntity */ insert into sp_audit_log (action, details, ip_address, professional_id, resource_id, res [23505-214]]; nested exception is org.hibernate.exception.ConstraintViolationException: could not execute statement","logger_name":"technical","thread_name":"http-nio-8080-exec-4","level":"ERROR","level_value":40000}
{"@timestamp":"2026-01-19T21:14:12.587+01:00","@version":"1","message":"PASSWORD ENCODER CONFIGURED: DelegatingPasswordEncoder","logger_name":"technical","thread_name":"main","level":"INFO","level_value":20000}
{"@timestamp":"2026-01-19T21:14:12.588+01:00","@version":"1","message":"Application is starting up...","logger_name":"technical","thread_name":"main","level":"INFO","level_value":20000}
{"@timestamp":"2026-01-19T21:14:12.702+01:00","@version":"1","message":"AUTHENTICATION PROVIDER CONFIGURED","logger_name":"technical","thread_name":"main","level":"INFO","level_value":20000}
{"@timestamp":"2026-01-19T21:14:12.756+01:00","@version":"1","message":"BUILDING SPRING SECURITY FILTER CHAIN","logger_name":"technical","thread_name":"main","level":"INFO","level_value":20000}
{"@timestamp":"2026-01-19T21:15:43.751+01:00","@version":"1","message":"PASSWORD ENCODER CONFIGURED: DelegatingPasswordEncoder","logger_name":"technical","thread_name":"main","level":"INFO","level_value":20000}
{"@timestamp":"2026-01-19T21:15:43.751+01:00","@version":"1","message":"Application is starting up...","logger_name":"technical","thread_name":"main","level":"INFO","level_value":20000}
{"@timestamp":"2026-01-19T21:15:43.804+01:00","@version":"1","message":"AUTHENTICATION PROVIDER CONFIGURED","logger_name":"technical","thread_name":"main","level":"INFO","level_value":20000}
{"@timestamp":"2026-01-19T21:15:43.837+01:00","@version":"1","message":"BUILDING SPRING SECURITY FILTER CHAIN","logger_name":"technical","thread_name":"main","level":"INFO","level_value":20000}
{"@timestamp":"2026-01-19T21:16:52.784+01:00","@version":"1","message":"PASSWORD ENCODER CONFIGURED: DelegatingPasswordEncoder","logger_name":"technical","thread_name":"main","level":"INFO","level_value":20000}
{"@timestamp":"2026-01-19T21:16:52.784+01:00","@version":"1","message":"Application is starting up...","logger_name":"technical","thread_name":"main","level":"INFO","level_value":20000}
{"@timestamp":"2026-01-19T21:16:52.843+01:00","@version":"1","message":"AUTHENTICATION PROVIDER CONFIGURED","logger_name":"technical","thread_name":"main","level":"INFO","level_value":20000}
{"@timestamp":"2026-01-19T21:16:52.877+01:00","@version":"1","message":"BUILDING SPRING SECURITY FILTER CHAIN","logger_name":"technical","thread_name":"main","level":"INFO","level_value":20000}
{"@timestamp":"2026-01-19T21:17:16.619+01:00","@version":"1","message":"UserDetails created for alice@restaurant.com","logger_name":"technical","thread_name":"http-nio-8080-exec-4","level":"INFO","level_value":20000}
{"@timestamp":"2026-01-19T21:18:01.298+01:00","@version":"1","message":"UserDetails created for dr.martin@clinic.com","logger_name":"technical","thread_name":"http-nio-8080-exec-2","level":"INFO","level_value":20000}
{"@timestamp":"2026-01-19T21:18:01.347+01:00","@version":"1","message":"ERROR in listAppointments cause=could not execute statement; SQL [n/a]; constraint [\"PRIMARY KEY ON PUBLIC.SP_AUDIT_LOG(ID) ( /* key:1 */ CAST(1 AS BIGINT), 'LOGIN', 'Connexion', '192.168.1.100', '1', 'USER', TIMESTAMP '2025-12-20 21:16:53.394', CAST(1 AS BIGINT))\"; SQL statement:\n/* insert com.reynaud.poseuralert.model.AuditLogEntity */ insert into sp_audit_log (action, details, ip_address, professional_id, resource_id, res [23505-214]]; nested exception is org.hibernate.exception.ConstraintViolationException: could not execute statement","logger_name":"technical","thread_name":"http-nio-8080-exec-3","level":"ERROR","level_value":40000}
{"@timestamp":"2026-01-19T21:18:15.340+01:00","@version":"1","message":"UserDetails created for meunier@garage.com","logger_name":"technical","thread_name":"http-nio-8080-exec-5","level":"INFO","level_value":20000}
{"@timestamp":"2026-01-19T21:22:52.741+01:00","@version":"1","message":"PASSWORD ENCODER CONFIGURED: DelegatingPasswordEncoder","logger_name":"technical","thread_name":"main","level":"INFO","level_value":20000}
{"@timestamp":"2026-01-19T21:22:52.741+01:00","@version":"1","message":"Application is starting up...","logger_name":"technical","thread_name":"main","level":"INFO","level_value":20000}
{"@timestamp":"2026-01-19T21:22:52.815+01:00","@version":"1","message":"AUTHENTICATION PROVIDER CONFIGURED","logger_name":"technical","thread_name":"main","level":"INFO","level_value":20000}
{"@timestamp":"2026-01-19T21:22:52.858+01:00","@version":"1","message":"BUILDING SPRING SECURITY FILTER CHAIN","logger_name":"technical","thread_name":"main","level":"INFO","level_value":20000}
{"@timestamp":"2026-01-19T21:23:01.962+01:00","@version":"1","message":"UserDetails created for alice@restaurant.com","logger_name":"technical","thread_name":"http-nio-8080-exec-1","level":"INFO","level_value":20000}
{"@timestamp":"2026-01-19T21:23:17.990+01:00","@version":"1","message":"UserDetails created for dr.martin@clinic.com","logger_name":"technical","thread_name":"http-nio-8080-exec-7","level":"INFO","level_value":20000}
{"@timestamp":"2026-01-19T21:23:18.048+01:00","@version":"1","message":"ERROR in listAppointments cause=could not execute statement; SQL [n/a]; constraint [\"PRIMARY KEY ON PUBLIC.SP_AUDIT_LOG(ID) ( /* key:1 */ CAST(1 AS BIGINT), 'LOGIN', 'Connexion', '192.168.1.100', '1', 'USER', TIMESTAMP '2025-12-20 21:22:53.51', CAST(2 AS BIGINT))\"; SQL statement:\n/* insert com.reynaud.poseuralert.model.AuditLogEntity */ insert into sp_audit_log (action, details, ip_address, professional_id, resource_id, res [23505-214]]; nested exception is org.hibernate.exception.ConstraintViolationException: could not execute statement","logger_name":"technical","thread_name":"http-nio-8080-exec-8","level":"ERROR","level_value":40000}
